<html>
<head>
<title>TestNG:  com.projectname.test.functional.modulename1</title>
<link href="../testng.css" rel="stylesheet" type="text/css" />
<link href="../my-testng.css" rel="stylesheet" type="text/css" />

<style type="text/css">
.log { display: none;} 
.stack-trace { display: none;} 
</style>
<script type="text/javascript">
<!--
function flip(e) {
  current = e.style.display;
  if (current == 'block') {
    e.style.display = 'none';
    return 0;
  }
  else {
    e.style.display = 'block';
    return 1;
  }
}

function toggleBox(szDivId, elem, msg1, msg2)
{
  var res = -1;  if (document.getElementById) {
    res = flip(document.getElementById(szDivId));
  }
  else if (document.all) {
    // this is the way old msie versions work
    res = flip(document.all[szDivId]);
  }
  if(elem) {
    if(res == 0) elem.innerHTML = msg1; else elem.innerHTML = msg2;
  }

}

function toggleAllBoxes() {
  if (document.getElementsByTagName) {
    d = document.getElementsByTagName('div');
    for (i = 0; i < d.length; i++) {
      if (d[i].className == 'log') {
        flip(d[i]);
      }
    }
  }
}

// -->
</script>

</head>
<body>
<h2 align='center'>com.projectname.test.functional.modulename1</h2><table border='1' align="center">
<tr>
<td>Tests passed/Failed/Skipped:</td><td>1/2/0</td>
</tr><tr>
<td>Started on:</td><td>Thu Dec 11 17:44:38 IST 2014</td>
</tr>
<tr><td>Total time:</td><td>122 seconds (122150 ms)</td>
</tr><tr>
<td>Included groups:</td><td></td>
</tr><tr>
<td>Excluded groups:</td><td></td>
</tr>
</table><p/>
<small><i>(Hover the method name to see the test class name)</i></small><p/>
<table width='100%' border='1' class='invocation-failed'>
<tr><td colspan='4' align='center'><b>FAILED TESTS</b></td></tr>
<tr><td><b>Test method</b></td>
<td width="30%"><b>Exception</b></td>
<td width="10%"><b>Time (seconds)</b></td>
<td><b>Instance</b></td>
</tr>
<tr>
<td title='com.projectname.test.functional.modulename2.HomePageTest.homePageTest()'><b>homePageTest</b><br>Test class: com.projectname.test.functional.modulename2.HomePageTest<br/>
<a href="#Output-1684068" onClick='toggleBox("Output-1684068", this, "Show output", "Hide output");'>Show output</a>

<a href="#Output-1684068" onClick="toggleAllBoxes();">Show all outputs</a>
<div class='log' id="Output-1684068">
<div class="test-title"> <strong><font color = "blue">Home Page Test<small>[To verify home page elements]</small></font> </strong> </div><div><strong>Steps:</strong></div><!-- Report --><br/>
<div class="test-message"><p><strong><font color = "black"></strong></p></div><br/>
<div class="test-message"><p><strong><font color = "black">priya.marimuthu - </strong></p></div><br/>
<div class="test-message"><p><strong><font color = "black">Login to application</strong></p></div><br/>
</div>
</td>
<td><div><pre>java.lang.AssertionError: Unable to locate element: {&quot;method&quot;:&quot;link text&quot;,&quot;selector&quot;:&quot;Log In&quot;}
Command duration or timeout: 371 milliseconds
For documentation on this error, please visit: http://seleniumhq.org/exceptions/no_such_element.html
Build info: version: &apos;2.33.0&apos;, revision: &apos;4ecaf82108b2a6cc6f006aae81961236eba93358&apos;, time: &apos;2013-05-22 12:00:17&apos;
System info: os.name: &apos;Windows 7&apos;, os.arch: &apos;x86&apos;, os.version: &apos;6.1&apos;, java.version: &apos;1.7.0_13&apos;
Session ID: a5376968-4f2e-4788-adb1-5dc02f568f6a
Driver info: org.openqa.selenium.firefox.FirefoxDriver
Capabilities [{platform=XP, databaseEnabled=true, cssSelectorsEnabled=true, javascriptEnabled=true, acceptSslCerts=true, handlesAlerts=true, browserName=firefox, browserConnectionEnabled=true, nativeEvents=true, webStorageEnabled=true, rotatable=false, locationContextEnabled=true, applicationCacheEnabled=true, takesScreenshot=true, version=17.0}]
	at org.junit.Assert.fail(Assert.java:93)
	at com.projectname.testutils.genericutility.ExceptionHandler.takeScreenshot(ExceptionHandler.java:69)
	at com.projectname.testutils.genericutility.ExceptionHandler.&lt;init&gt;(ExceptionHandler.java:50)
	at com.projectname.testutils.seleniumutils.SeleniumWebDriver.isElementPresent(SeleniumWebDriver.java:81)
	at com.projectname.testutils.pages.LoginPage.&lt;init&gt;(LoginPage.java:25)
	at com.projectname.test.functional.modulename2.HomePageTest.homePageTest(HomePageTest.java:40)
... Removed 24 stack frames</pre></div><a href='#' onClick='toggleBox("stack-trace1684068", this, "Click to show all stack frames", "Click to hide stack frames")'>Click to show all stack frames</a>
<div class='stack-trace' id='stack-trace1684068'><pre>java.lang.AssertionError: Unable to locate element: {&quot;method&quot;:&quot;link text&quot;,&quot;selector&quot;:&quot;Log In&quot;}
Command duration or timeout: 371 milliseconds
For documentation on this error, please visit: http://seleniumhq.org/exceptions/no_such_element.html
Build info: version: &apos;2.33.0&apos;, revision: &apos;4ecaf82108b2a6cc6f006aae81961236eba93358&apos;, time: &apos;2013-05-22 12:00:17&apos;
System info: os.name: &apos;Windows 7&apos;, os.arch: &apos;x86&apos;, os.version: &apos;6.1&apos;, java.version: &apos;1.7.0_13&apos;
Session ID: a5376968-4f2e-4788-adb1-5dc02f568f6a
Driver info: org.openqa.selenium.firefox.FirefoxDriver
Capabilities [{platform=XP, databaseEnabled=true, cssSelectorsEnabled=true, javascriptEnabled=true, acceptSslCerts=true, handlesAlerts=true, browserName=firefox, browserConnectionEnabled=true, nativeEvents=true, webStorageEnabled=true, rotatable=false, locationContextEnabled=true, applicationCacheEnabled=true, takesScreenshot=true, version=17.0}]
	at org.junit.Assert.fail(Assert.java:93)
	at com.projectname.testutils.genericutility.ExceptionHandler.takeScreenshot(ExceptionHandler.java:69)
	at com.projectname.testutils.genericutility.ExceptionHandler.&lt;init&gt;(ExceptionHandler.java:50)
	at com.projectname.testutils.seleniumutils.SeleniumWebDriver.isElementPresent(SeleniumWebDriver.java:81)
	at com.projectname.testutils.pages.LoginPage.&lt;init&gt;(LoginPage.java:25)
	at com.projectname.test.functional.modulename2.HomePageTest.homePageTest(HomePageTest.java:40)
	at sun.reflect.NativeMethodAccessorImpl.invoke0(Native Method)
	at sun.reflect.NativeMethodAccessorImpl.invoke(Unknown Source)
	at sun.reflect.DelegatingMethodAccessorImpl.invoke(Unknown Source)
	at java.lang.reflect.Method.invoke(Unknown Source)
	at org.testng.internal.MethodInvocationHelper.invokeMethod(MethodInvocationHelper.java:84)
	at org.testng.internal.Invoker.invokeMethod(Invoker.java:714)
	at org.testng.internal.Invoker.invokeTestMethod(Invoker.java:901)
	at org.testng.internal.Invoker.invokeTestMethods(Invoker.java:1231)
	at org.testng.internal.TestMethodWorker.invokeTestMethods(TestMethodWorker.java:127)
	at org.testng.internal.TestMethodWorker.run(TestMethodWorker.java:111)
	at org.testng.TestRunner.privateRun(TestRunner.java:767)
	at org.testng.TestRunner.run(TestRunner.java:617)
	at org.testng.SuiteRunner.runTest(SuiteRunner.java:334)
	at org.testng.SuiteRunner.runSequentially(SuiteRunner.java:329)
	at org.testng.SuiteRunner.privateRun(SuiteRunner.java:291)
	at org.testng.SuiteRunner.run(SuiteRunner.java:240)
	at org.testng.SuiteRunnerWorker.runSuite(SuiteRunnerWorker.java:52)
	at org.testng.SuiteRunnerWorker.run(SuiteRunnerWorker.java:86)
	at org.testng.TestNG.runSuitesSequentially(TestNG.java:1224)
	at org.testng.TestNG.runSuitesLocally(TestNG.java:1149)
	at org.testng.TestNG.run(TestNG.java:1057)
	at org.testng.remote.RemoteTestNG.run(RemoteTestNG.java:111)
	at org.testng.remote.RemoteTestNG.initAndRun(RemoteTestNG.java:204)
	at org.testng.remote.RemoteTestNG.main(RemoteTestNG.java:175)
</pre></div></td>
<td>8</td>
<td>com.projectname.test.functional.modulename2.HomePageTest@1bb7081</td></tr>
<tr>
<td title='com.projectname.test.functional.modulename2.SearchByName.searchbyname()'><b>searchbyname</b><br>Test class: com.projectname.test.functional.modulename2.SearchByName<br/>
<a href="#Output-12505575" onClick='toggleBox("Output-12505575", this, "Show output", "Hide output");'>Show output</a>

<a href="#Output-12505575" onClick="toggleAllBoxes();">Show all outputs</a>
<div class='log' id="Output-12505575">
<div class="test-title"> <strong><font color = "blue">Search by Name<small>[To verify search functionality]</small></font> </strong> </div><div><strong>Steps:</strong></div><!-- Report --><br/>
<div class="test-message"><p><strong><font color = "black"></strong></p></div><br/>
<div class="test-message"><p><strong><font color = "black">priya.marimuthu - </strong></p></div><br/>
<div class="test-message"><p><strong><font color = "black">Login to application</strong></p></div><br/>
<div class="test-message"><p><strong><font color = "black">Login Successful</strong></p></div><br/>
</div>
</td>
<td><div><pre>java.lang.IndexOutOfBoundsException: Index: 0, Size: 0
	at java.util.ArrayList.rangeCheck(Unknown Source)
	at java.util.ArrayList.get(Unknown Source)
	at com.projectname.test.functional.modulename2.SearchByName.searchbyname(SearchByName.java:59)
... Removed 24 stack frames</pre></div><a href='#' onClick='toggleBox("stack-trace12505575", this, "Click to show all stack frames", "Click to hide stack frames")'>Click to show all stack frames</a>
<div class='stack-trace' id='stack-trace12505575'><pre>java.lang.IndexOutOfBoundsException: Index: 0, Size: 0
	at java.util.ArrayList.rangeCheck(Unknown Source)
	at java.util.ArrayList.get(Unknown Source)
	at com.projectname.test.functional.modulename2.SearchByName.searchbyname(SearchByName.java:59)
	at sun.reflect.NativeMethodAccessorImpl.invoke0(Native Method)
	at sun.reflect.NativeMethodAccessorImpl.invoke(Unknown Source)
	at sun.reflect.DelegatingMethodAccessorImpl.invoke(Unknown Source)
	at java.lang.reflect.Method.invoke(Unknown Source)
	at org.testng.internal.MethodInvocationHelper.invokeMethod(MethodInvocationHelper.java:84)
	at org.testng.internal.Invoker.invokeMethod(Invoker.java:714)
	at org.testng.internal.Invoker.invokeTestMethod(Invoker.java:901)
	at org.testng.internal.Invoker.invokeTestMethods(Invoker.java:1231)
	at org.testng.internal.TestMethodWorker.invokeTestMethods(TestMethodWorker.java:127)
	at org.testng.internal.TestMethodWorker.run(TestMethodWorker.java:111)
	at org.testng.TestRunner.privateRun(TestRunner.java:767)
	at org.testng.TestRunner.run(TestRunner.java:617)
	at org.testng.SuiteRunner.runTest(SuiteRunner.java:334)
	at org.testng.SuiteRunner.runSequentially(SuiteRunner.java:329)
	at org.testng.SuiteRunner.privateRun(SuiteRunner.java:291)
	at org.testng.SuiteRunner.run(SuiteRunner.java:240)
	at org.testng.SuiteRunnerWorker.runSuite(SuiteRunnerWorker.java:52)
	at org.testng.SuiteRunnerWorker.run(SuiteRunnerWorker.java:86)
	at org.testng.TestNG.runSuitesSequentially(TestNG.java:1224)
	at org.testng.TestNG.runSuitesLocally(TestNG.java:1149)
	at org.testng.TestNG.run(TestNG.java:1057)
	at org.testng.remote.RemoteTestNG.run(RemoteTestNG.java:111)
	at org.testng.remote.RemoteTestNG.initAndRun(RemoteTestNG.java:204)
	at org.testng.remote.RemoteTestNG.main(RemoteTestNG.java:175)
</pre></div></td>
<td>22</td>
<td>com.projectname.test.functional.modulename2.SearchByName@11d3f0b</td></tr>
</table><p>
<table width='100%' border='1' class='invocation-passed'>
<tr><td colspan='4' align='center'><b>PASSED TESTS</b></td></tr>
<tr><td><b>Test method</b></td>
<td width="30%"><b>Exception</b></td>
<td width="10%"><b>Time (seconds)</b></td>
<td><b>Instance</b></td>
</tr>
<tr>
<td title='com.projectname.test.functional.modulename2.LoginTest.loginTest()'><b>loginTest</b><br>Test class: com.projectname.test.functional.modulename2.LoginTest<br/>
<a href="#Output-28415896" onClick='toggleBox("Output-28415896", this, "Show output", "Hide output");'>Show output</a>

<a href="#Output-28415896" onClick="toggleAllBoxes();">Show all outputs</a>
<div class='log' id="Output-28415896">
<div class="test-title"> <strong><font color = "blue">Login Test<small>[To verify login]</small></font> </strong> </div><div><strong>Steps:</strong></div><!-- Report --><br/>
<div class="test-message"><p><strong><font color = "black"></strong></p></div><br/>
<div class="test-message"><p><strong><font color = "black">priya.marimuthu - </strong></p></div><br/>
<div class="test-message"><p><strong><font color = "black">Login to application</strong></p></div><br/>
<div class="test-message"><p><strong><font color = "black">Login Successful</strong></p></div><br/>
</div>
</td>
<td></td>
<td>24</td>
<td>com.projectname.test.functional.modulename2.LoginTest@d72e3f</td></tr>
</table><p>
</body>
</html>