<?xml version="1.0" encoding="UTF-8"?>
<!-- Generated by org.testng.reporters.JUnitXMLReporter -->
<testsuite hostname="aspire984" name="com.projectname.test.functional.modulename1" tests="3" failures="2" timestamp="11 Dec 2014 12:16:40 GMT" time="122.15" errors="0">
  <testcase name="homePageTest" time="8.491" classname="com.projectname.test.functional.modulename2.HomePageTest">
    <failure type="java.lang.AssertionError" message="Unable to locate element: {&amp;quot;method&amp;quot;:&amp;quot;link text&amp;quot;,&amp;quot;selector&amp;quot;:&amp;quot;Log In&amp;quot;}
Command duration or timeout: 371 milliseconds
For documentation on this error, please visit: http://seleniumhq.org/exceptions/no_such_element.html
Build info: version: &amp;apos;2.33.0&amp;apos;, revision: &amp;apos;4ecaf82108b2a6cc6f006aae81961236eba93358&amp;apos;, time: &amp;apos;2013-05-22 12:00:17&amp;apos;
System info: os.name: &amp;apos;Windows 7&amp;apos;, os.arch: &amp;apos;x86&amp;apos;, os.version: &amp;apos;6.1&amp;apos;, java.version: &amp;apos;1.7.0_13&amp;apos;
Session ID: a5376968-4f2e-4788-adb1-5dc02f568f6a
Driver info: org.openqa.selenium.firefox.FirefoxDriver
Capabilities [{platform=XP, databaseEnabled=true, cssSelectorsEnabled=true, javascriptEnabled=true, acceptSslCerts=true, handlesAlerts=true, browserName=firefox, browserConnectionEnabled=true, nativeEvents=true, webStorageEnabled=true, rotatable=false, locationContextEnabled=true, applicationCacheEnabled=true, takesScreenshot=true, version=17.0}]">
      <![CDATA[java.lang.AssertionError: Unable to locate element: {"method":"link text","selector":"Log In"}
Command duration or timeout: 371 milliseconds
For documentation on this error, please visit: http://seleniumhq.org/exceptions/no_such_element.html
Build info: version: '2.33.0', revision: '4ecaf82108b2a6cc6f006aae81961236eba93358', time: '2013-05-22 12:00:17'
System info: os.name: 'Windows 7', os.arch: 'x86', os.version: '6.1', java.version: '1.7.0_13'
Session ID: a5376968-4f2e-4788-adb1-5dc02f568f6a
Driver info: org.openqa.selenium.firefox.FirefoxDriver
Capabilities [{platform=XP, databaseEnabled=true, cssSelectorsEnabled=true, javascriptEnabled=true, acceptSslCerts=true, handlesAlerts=true, browserName=firefox, browserConnectionEnabled=true, nativeEvents=true, webStorageEnabled=true, rotatable=false, locationContextEnabled=true, applicationCacheEnabled=true, takesScreenshot=true, version=17.0}]
	at org.junit.Assert.fail(Assert.java:93)
	at com.projectname.testutils.genericutility.ExceptionHandler.takeScreenshot(ExceptionHandler.java:69)
	at com.projectname.testutils.genericutility.ExceptionHandler.<init>(ExceptionHandler.java:50)
	at com.projectname.testutils.seleniumutils.SeleniumWebDriver.isElementPresent(SeleniumWebDriver.java:81)
	at com.projectname.testutils.pages.LoginPage.<init>(LoginPage.java:25)
	at com.projectname.test.functional.modulename2.HomePageTest.homePageTest(HomePageTest.java:40)
... Removed 24 stack frames]]>
    </failure>
  </testcase> <!-- homePageTest -->
  <testcase name="loginTest" time="24.078" classname="com.projectname.test.functional.modulename2.LoginTest"/>
  <testcase name="searchbyname" time="22.955" classname="com.projectname.test.functional.modulename2.SearchByName">
    <failure type="java.lang.IndexOutOfBoundsException" message="Index: 0, Size: 0">
      <![CDATA[java.lang.IndexOutOfBoundsException: Index: 0, Size: 0
	at java.util.ArrayList.rangeCheck(Unknown Source)
	at java.util.ArrayList.get(Unknown Source)
	at com.projectname.test.functional.modulename2.SearchByName.searchbyname(SearchByName.java:59)
... Removed 24 stack frames]]>
    </failure>
  </testcase> <!-- searchbyname -->
</testsuite> <!-- com.projectname.test.functional.modulename1 -->
