<?xml version="1.0" encoding="utf-8" ?>
<!DOCTYPE html PUBLIC "-//W3C//DTD XHTML 1.0 Strict//EN"
        "http://www.w3.org/TR/xhtml1/DTD/xhtml1-strict.dtd">
<html xmlns="http://www.w3.org/1999/xhtml" xml:lang="en" lang="en">
<head>
  <title>Test Results Report - com.projectname.test.functional.modulename</title>
  <meta http-equiv="Content-Type" content="text/html;charset=utf-8" />
  <meta name="description" content="TestNG unit test results." />
  <link href="reportng.css" rel="stylesheet" type="text/css" />
    <script type="text/javascript" src="reportng.js"></script>
</head>
<body>
<div class="title">com.projectname.test.functional.modulename</div>
<div class="small" style="margin-bottom: 15px;">
  Test Duration: 152.844s
</div>


<table class="resultsTable" width="100%">
      <tr><td colspan="3" class="header failed">Failed Tests</td></tr>
              <tr>
        <td colspan="3" class="group">com.projectname.test.functional.modulename1.HomePageTest</td>
      </tr>
      
<tr>
  <td>
    homePageTest
      </td>
  <td class="duration">
    10.110s
  </td>
  <td class="result">
        
    
        

        <a href="javascript:toggleDiv('exception-0')" title="Click to expand/collapse"><b>org.openqa.selenium.WebDriverException: Could not take screenshot of current page - TypeError: c is null<br/>
Command duration or timeout: 9.70 seconds<br/>
Build info: version: &apos;2.33.0&apos;, revision: &apos;4ecaf82108b2a6cc6f006aae81961236eba93358&apos;, time: &apos;2013-05-22 12:00:17&apos;<br/>
System info: os.name: &apos;Windows 7&apos;, os.arch: &apos;x86&apos;, os.version: &apos;6.1&apos;, java.version: &apos;1.7.0_13&apos;<br/>
Session ID: 76523388-a53f-45b9-9774-d60dec295f8f<br/>
Driver info: org.openqa.selenium.firefox.FirefoxDriver<br/>
Capabilities [{platform=XP, databaseEnabled=true, cssSelectorsEnabled=true, javascriptEnabled=true, acceptSslCerts=true, handlesAlerts=true, browserName=firefox, browserConnectionEnabled=true, nativeEvents=true, webStorageEnabled=true, rotatable=false, locationContextEnabled=true, applicationCacheEnabled=true, takesScreenshot=true, version=17.0}]</b></a><br />
    <div class="stackTrace" id="exception-0">
              sun.reflect.NativeConstructorAccessorImpl.newInstance0(Native Method)<br />
              sun.reflect.NativeConstructorAccessorImpl.newInstance(Unknown Source)<br />
              sun.reflect.DelegatingConstructorAccessorImpl.newInstance(Unknown Source)<br />
              java.lang.reflect.Constructor.newInstance(Unknown Source)<br />
              org.openqa.selenium.remote.ErrorHandler.createThrowable(ErrorHandler.java:191)<br />
              org.openqa.selenium.remote.ErrorHandler.throwIfResponseFailed(ErrorHandler.java:145)<br />
              org.openqa.selenium.remote.RemoteWebDriver.execute(RemoteWebDriver.java:554)<br />
              org.openqa.selenium.remote.RemoteWebDriver.execute(RemoteWebDriver.java:569)<br />
              org.openqa.selenium.firefox.FirefoxDriver.getScreenshotAs(FirefoxDriver.java:316)<br />
              com.projectname.testutils.genericutility.ExceptionHandler.takeScreenshot(ExceptionHandler.java:56)<br />
              com.projectname.testutils.genericutility.ExceptionHandler.&lt;init&gt;(ExceptionHandler.java:50)<br />
              com.projectname.testutils.seleniumutils.SeleniumWebDriver.isElementPresent(SeleniumWebDriver.java:83)<br />
              com.projectname.testutils.pages.LoginPage.&lt;init&gt;(LoginPage.java:25)<br />
              com.projectname.test.functional.modulename1.HomePageTest.homePageTest(HomePageTest.java:40)<br />
              sun.reflect.NativeMethodAccessorImpl.invoke0(Native Method)<br />
              sun.reflect.NativeMethodAccessorImpl.invoke(Unknown Source)<br />
              sun.reflect.DelegatingMethodAccessorImpl.invoke(Unknown Source)<br />
              java.lang.reflect.Method.invoke(Unknown Source)<br />
              org.testng.internal.MethodInvocationHelper.invokeMethod(MethodInvocationHelper.java:84)<br />
              org.testng.internal.Invoker.invokeMethod(Invoker.java:714)<br />
              org.testng.internal.Invoker.invokeTestMethod(Invoker.java:901)<br />
              org.testng.internal.Invoker.invokeTestMethods(Invoker.java:1231)<br />
              org.testng.internal.TestMethodWorker.invokeTestMethods(TestMethodWorker.java:127)<br />
              org.testng.internal.TestMethodWorker.run(TestMethodWorker.java:111)<br />
              java.util.concurrent.ThreadPoolExecutor.runWorker(Unknown Source)<br />
              java.util.concurrent.ThreadPoolExecutor$Worker.run(Unknown Source)<br />
              java.lang.Thread.run(Unknown Source)<br />
                    <b>Caused by: </b> <a href="javascript:toggleDiv('exception-1')" title="Click to expand/collapse">org.openqa.selenium.remote.ErrorHandler$UnknownServerException: Could not take screenshot of current page - TypeError: c is null<br/>
Build info: version: &apos;2.33.0&apos;, revision: &apos;4ecaf82108b2a6cc6f006aae81961236eba93358&apos;, time: &apos;2013-05-22 12:00:17&apos;<br/>
System info: os.name: &apos;Windows 7&apos;, os.arch: &apos;x86&apos;, os.version: &apos;6.1&apos;, java.version: &apos;1.7.0_13&apos;<br/>
Driver info: driver.version: unknown</a><br />
        <div class="stackTrace" id="exception-1">
                      &lt;anonymous class&gt;.FirefoxDriver.screenshot(file:///C:/Users/PRIYA~1.MAR/AppData/Local/Temp/anonymous5603086132894051406webdriver-profile/extensions/fxdriver@googlecode.com/components/driver_component.js:8645)<br />
                      &lt;anonymous class&gt;.DelayedCommand.executeInternal_/h(file:///C:/Users/PRIYA~1.MAR/AppData/Local/Temp/anonymous5603086132894051406webdriver-profile/extensions/fxdriver@googlecode.com/components/command_processor.js:10456)<br />
                      &lt;anonymous class&gt;.DelayedCommand.executeInternal_(file:///C:/Users/PRIYA~1.MAR/AppData/Local/Temp/anonymous5603086132894051406webdriver-profile/extensions/fxdriver@googlecode.com/components/command_processor.js:10461)<br />
                      &lt;anonymous class&gt;.DelayedCommand.execute/&lt;(file:///C:/Users/PRIYA~1.MAR/AppData/Local/Temp/anonymous5603086132894051406webdriver-profile/extensions/fxdriver@googlecode.com/components/command_processor.js:10401)<br />
                  </div>
          </div>
      </td>
</tr>
          <tr>
        <td colspan="3" class="group">com.projectname.test.functional.modulename1.LoginTest</td>
      </tr>
      
<tr>
  <td>
    loginTest
      </td>
  <td class="duration">
    0.330s
  </td>
  <td class="result">
        
    
        

        <a href="javascript:toggleDiv('exception-2')" title="Click to expand/collapse"><b>org.openqa.selenium.remote.SessionNotFoundException: Session ID is null<br/>
Build info: version: &apos;2.33.0&apos;, revision: &apos;4ecaf82108b2a6cc6f006aae81961236eba93358&apos;, time: &apos;2013-05-22 12:00:17&apos;<br/>
System info: os.name: &apos;Windows 7&apos;, os.arch: &apos;x86&apos;, os.version: &apos;6.1&apos;, java.version: &apos;1.7.0_13&apos;<br/>
Driver info: driver.version: SeleniumWebDriver</b></a><br />
    <div class="stackTrace" id="exception-2">
              org.openqa.selenium.remote.HttpCommandExecutor.execute(HttpCommandExecutor.java:273)<br />
              org.openqa.selenium.firefox.internal.NewProfileExtensionConnection.execute(NewProfileExtensionConnection.java:133)<br />
              org.openqa.selenium.firefox.FirefoxDriver$LazyCommandExecutor.execute(FirefoxDriver.java:355)<br />
              org.openqa.selenium.remote.RemoteWebDriver.execute(RemoteWebDriver.java:527)<br />
              org.openqa.selenium.remote.RemoteWebDriver.execute(RemoteWebDriver.java:569)<br />
              org.openqa.selenium.firefox.FirefoxDriver.getScreenshotAs(FirefoxDriver.java:316)<br />
              com.projectname.testutils.genericutility.ExceptionHandler.takeScreenshot(ExceptionHandler.java:56)<br />
              com.projectname.testutils.genericutility.ExceptionHandler.&lt;init&gt;(ExceptionHandler.java:50)<br />
              com.projectname.testutils.seleniumutils.SeleniumWebDriver.isElementPresent(SeleniumWebDriver.java:83)<br />
              com.projectname.testutils.pages.LoginPage.&lt;init&gt;(LoginPage.java:25)<br />
              com.projectname.test.functional.modulename1.LoginTest.loginTest(LoginTest.java:40)<br />
              sun.reflect.NativeMethodAccessorImpl.invoke0(Native Method)<br />
              sun.reflect.NativeMethodAccessorImpl.invoke(Unknown Source)<br />
              sun.reflect.DelegatingMethodAccessorImpl.invoke(Unknown Source)<br />
              java.lang.reflect.Method.invoke(Unknown Source)<br />
              org.testng.internal.MethodInvocationHelper.invokeMethod(MethodInvocationHelper.java:84)<br />
              org.testng.internal.Invoker.invokeMethod(Invoker.java:714)<br />
              org.testng.internal.Invoker.invokeTestMethod(Invoker.java:901)<br />
              org.testng.internal.Invoker.invokeTestMethods(Invoker.java:1231)<br />
              org.testng.internal.TestMethodWorker.invokeTestMethods(TestMethodWorker.java:127)<br />
              org.testng.internal.TestMethodWorker.run(TestMethodWorker.java:111)<br />
              java.util.concurrent.ThreadPoolExecutor.runWorker(Unknown Source)<br />
              java.util.concurrent.ThreadPoolExecutor$Worker.run(Unknown Source)<br />
              java.lang.Thread.run(Unknown Source)<br />
                </div>
      </td>
</tr>
          <tr>
        <td colspan="3" class="group">com.projectname.test.functional.modulename1.SearchByName</td>
      </tr>
      
<tr>
  <td>
    searchbyname
      </td>
  <td class="duration">
    14.758s
  </td>
  <td class="result">
        
    
        

        <a href="javascript:toggleDiv('exception-3')" title="Click to expand/collapse"><b>java.lang.AssertionError: Unable to locate element: {&quot;method&quot;:&quot;link text&quot;,&quot;selector&quot;:&quot;IDM/PMS&quot;}<br/>
Command duration or timeout: 3.67 seconds<br/>
For documentation on this error, please visit: http://seleniumhq.org/exceptions/no_such_element.html<br/>
Build info: version: &apos;2.33.0&apos;, revision: &apos;4ecaf82108b2a6cc6f006aae81961236eba93358&apos;, time: &apos;2013-05-22 12:00:17&apos;<br/>
System info: os.name: &apos;Windows 7&apos;, os.arch: &apos;x86&apos;, os.version: &apos;6.1&apos;, java.version: &apos;1.7.0_13&apos;<br/>
Session ID: 37fa2306-a2e1-4730-87d7-c054566eab12<br/>
Driver info: org.openqa.selenium.firefox.FirefoxDriver<br/>
Capabilities [{platform=XP, databaseEnabled=true, cssSelectorsEnabled=true, javascriptEnabled=true, acceptSslCerts=true, handlesAlerts=true, browserName=firefox, browserConnectionEnabled=true, nativeEvents=true, webStorageEnabled=true, rotatable=false, locationContextEnabled=true, applicationCacheEnabled=true, takesScreenshot=true, version=17.0}]</b></a><br />
    <div class="stackTrace" id="exception-3">
              org.junit.Assert.fail(Assert.java:93)<br />
              com.projectname.testutils.genericutility.ExceptionHandler.takeScreenshot(ExceptionHandler.java:74)<br />
              com.projectname.testutils.genericutility.ExceptionHandler.&lt;init&gt;(ExceptionHandler.java:50)<br />
              com.projectname.testutils.seleniumutils.SeleniumWebDriver.isElementPresent(SeleniumWebDriver.java:83)<br />
              com.projectname.testutils.pages.IntranetHomePage.&lt;init&gt;(IntranetHomePage.java:29)<br />
              com.projectname.testutils.pages.LoginPage.login(LoginPage.java:36)<br />
              com.projectname.test.functional.modulename1.SearchByName.searchbyname(SearchByName.java:50)<br />
              sun.reflect.NativeMethodAccessorImpl.invoke0(Native Method)<br />
              sun.reflect.NativeMethodAccessorImpl.invoke(Unknown Source)<br />
              sun.reflect.DelegatingMethodAccessorImpl.invoke(Unknown Source)<br />
              java.lang.reflect.Method.invoke(Unknown Source)<br />
              org.testng.internal.MethodInvocationHelper.invokeMethod(MethodInvocationHelper.java:84)<br />
              org.testng.internal.Invoker.invokeMethod(Invoker.java:714)<br />
              org.testng.internal.Invoker.retryFailed(Invoker.java:1049)<br />
              org.testng.internal.Invoker.invokeTestMethods(Invoker.java:1254)<br />
              org.testng.internal.TestMethodWorker.invokeTestMethods(TestMethodWorker.java:127)<br />
              org.testng.internal.TestMethodWorker.run(TestMethodWorker.java:111)<br />
              java.util.concurrent.ThreadPoolExecutor.runWorker(Unknown Source)<br />
              java.util.concurrent.ThreadPoolExecutor$Worker.run(Unknown Source)<br />
              java.lang.Thread.run(Unknown Source)<br />
                </div>
      </td>
</tr>
<tr>
  <td>
    searchbyname
      </td>
  <td class="duration">
    7.960s
  </td>
  <td class="result">
        
    
        

        <a href="javascript:toggleDiv('exception-4')" title="Click to expand/collapse"><b>java.lang.AssertionError: Unable to locate element: {&quot;method&quot;:&quot;link text&quot;,&quot;selector&quot;:&quot;Log In&quot;}<br/>
Command duration or timeout: 7.28 seconds<br/>
For documentation on this error, please visit: http://seleniumhq.org/exceptions/no_such_element.html<br/>
Build info: version: &apos;2.33.0&apos;, revision: &apos;4ecaf82108b2a6cc6f006aae81961236eba93358&apos;, time: &apos;2013-05-22 12:00:17&apos;<br/>
System info: os.name: &apos;Windows 7&apos;, os.arch: &apos;x86&apos;, os.version: &apos;6.1&apos;, java.version: &apos;1.7.0_13&apos;<br/>
Session ID: 76523388-a53f-45b9-9774-d60dec295f8f<br/>
Driver info: org.openqa.selenium.firefox.FirefoxDriver<br/>
Capabilities [{platform=XP, databaseEnabled=true, cssSelectorsEnabled=true, javascriptEnabled=true, acceptSslCerts=true, handlesAlerts=true, browserName=firefox, browserConnectionEnabled=true, nativeEvents=true, webStorageEnabled=true, rotatable=false, locationContextEnabled=true, applicationCacheEnabled=true, takesScreenshot=true, version=17.0}]</b></a><br />
    <div class="stackTrace" id="exception-4">
              org.junit.Assert.fail(Assert.java:93)<br />
              com.projectname.testutils.genericutility.ExceptionHandler.takeScreenshot(ExceptionHandler.java:74)<br />
              com.projectname.testutils.genericutility.ExceptionHandler.&lt;init&gt;(ExceptionHandler.java:50)<br />
              com.projectname.testutils.seleniumutils.SeleniumWebDriver.isElementPresent(SeleniumWebDriver.java:83)<br />
              com.projectname.testutils.pages.LoginPage.&lt;init&gt;(LoginPage.java:25)<br />
              com.projectname.test.functional.modulename1.SearchByName.searchbyname(SearchByName.java:49)<br />
              sun.reflect.NativeMethodAccessorImpl.invoke0(Native Method)<br />
              sun.reflect.NativeMethodAccessorImpl.invoke(Unknown Source)<br />
              sun.reflect.DelegatingMethodAccessorImpl.invoke(Unknown Source)<br />
              java.lang.reflect.Method.invoke(Unknown Source)<br />
              org.testng.internal.MethodInvocationHelper.invokeMethod(MethodInvocationHelper.java:84)<br />
              org.testng.internal.Invoker.invokeMethod(Invoker.java:714)<br />
              org.testng.internal.Invoker.invokeTestMethod(Invoker.java:901)<br />
              org.testng.internal.Invoker.invokeTestMethods(Invoker.java:1231)<br />
              org.testng.internal.TestMethodWorker.invokeTestMethods(TestMethodWorker.java:127)<br />
              org.testng.internal.TestMethodWorker.run(TestMethodWorker.java:111)<br />
              java.util.concurrent.ThreadPoolExecutor.runWorker(Unknown Source)<br />
              java.util.concurrent.ThreadPoolExecutor$Worker.run(Unknown Source)<br />
              java.lang.Thread.run(Unknown Source)<br />
                </div>
      </td>
</tr>
        <tr style="border: 0;"><td colspan="3">&nbsp;</td></tr>
  
  
    
</table>
</body>
</html>
