<?xml version="1.0" encoding="utf-8" ?>
<!DOCTYPE html PUBLIC "-//W3C//DTD XHTML 1.0 Strict//EN"
        "http://www.w3.org/TR/xhtml1/DTD/xhtml1-strict.dtd">
<html xmlns="http://www.w3.org/1999/xhtml" xml:lang="en" lang="en">
<head>
  <title>Test Results Report - com.projectname.test.functional.trainingsystem</title>
  <meta http-equiv="Content-Type" content="text/html;charset=utf-8" />
  <meta name="description" content="TestNG unit test results." />
  <link href="reportng.css" rel="stylesheet" type="text/css" />
    <script type="text/javascript" src="reportng.js"></script>
</head>
<body>
<div class="title">com.projectname.test.functional.trainingsystem</div>
<div class="small" style="margin-bottom: 15px;">
  Test Duration: 47.615s
</div>

  <table class="resultsTable configTable" width="100%">
    <tr><td colspan="3" class="header failedConfig">Failed Configuration</td></tr>
              <tr class="group">
        <td colspan="3">com.projectname.test.functional.trainingsystem.verifyTrainingSystemPage</td>
      </tr>
      
<tr>
  <td>
    genericSetUp
      </td>
  <td class="duration">
    0.000s
  </td>
  <td class="result">
        
    
        

        <a href="javascript:toggleDiv('exception-0')" title="Click to expand/collapse"><b>org.openqa.selenium.WebDriverException: Failed to connect to binary FirefoxBinary(C:\Program Files (x86)\Mozilla Firefox\firefox.exe) on port 7059; process output follows: <br/>
*** LOG addons.manager: Application has been upgraded<br/>
*** LOG addons.xpi: startup<br/>
*** LOG addons.xpi: Skipping unavailable install location app-system-local<br/>
*** LOG addons.xpi: Skipping unavailable install location app-system-share<br/>
*** LOG addons.xpi: Ignoring file entry whose name is not a valid add-on ID: C:\Users\PRIYA~1.MAR\AppData\Local\Temp\anonymous898091422978958949webdriver-profile\extensions\webdriver-staging<br/>
*** LOG addons.xpi: checkForChanges<br/>
*** LOG addons.xpi-utils: Opening database<br/>
*** LOG addons.xpi-utils: Creating database schema<br/>
*** LOG addons.xpi: New add-on fxdriver@googlecode.com installed in app-profile<br/>
*** Blocklist::_loadBlocklistFromFile: blocklist is disabled<br/>
*** LOG addons.xpi: New add-on {972ce4c6-7e08-4474-a285-3208198ce6fd} installed in app-global<br/>
*** LOG addons.xpi: New add-on MintCastNetworks@MintCastNetworks.com installed in winreg-app-global<br/>
*** LOG addons.xpi: New add-on unfriendstatus@unfriendstatus.com installed in winreg-app-global<br/>
*** LOG addons.xpi: New add-on {D19CA586-DD6C-4a0a-96F8-14644F340D60} installed in winreg-app-global<br/>
*** LOG addons.xpi: Updating database with changes to installed add-ons<br/>
*** LOG addons.xpi-utils: Updating add-on states<br/>
*** LOG addons.xpi-utils: Writing add-ons list<br/>
*** LOG addons.manager: shutdown<br/>
*** LOG addons.xpi: shutdown<br/>
*** LOG addons.xpi-utils: shutdown<br/>
*** LOG addons.xpi-utils: Database closed<br/>
*** LOG addons.xpi: startup<br/>
*** LOG addons.xpi: Skipping unavailable install location app-system-local<br/>
*** LOG addons.xpi: Skipping unavailable install location app-system-share<br/>
*** LOG addons.xpi: Ignoring file entry whose name is not a valid add-on ID: C:\Users\PRIYA~1.MAR\AppData\Local\Temp\anonymous898091422978958949webdriver-profile\extensions\webdriver-staging<br/>
*** LOG addons.xpi: checkForChanges<br/>
*** LOG addons.xpi: No changes found<br/>
*** Blocklist::_loadBlocklistFromFile: blocklist is disabled<br/>
<br/>
Build info: version: &apos;2.33.0&apos;, revision: &apos;4ecaf82108b2a6cc6f006aae81961236eba93358&apos;, time: &apos;2013-05-22 12:00:17&apos;<br/>
System info: os.name: &apos;Windows 7&apos;, os.arch: &apos;x86&apos;, os.version: &apos;6.1&apos;, java.version: &apos;1.7.0_13&apos;<br/>
Driver info: driver.version: FirefoxDriver</b></a><br />
    <div class="stackTrace" id="exception-0">
              org.openqa.selenium.firefox.internal.NewProfileExtensionConnection.start(NewProfileExtensionConnection.java:118)<br />
              org.openqa.selenium.firefox.FirefoxDriver.startClient(FirefoxDriver.java:244)<br />
              org.openqa.selenium.remote.RemoteWebDriver.&lt;init&gt;(RemoteWebDriver.java:110)<br />
              org.openqa.selenium.firefox.FirefoxDriver.&lt;init&gt;(FirefoxDriver.java:188)<br />
              org.openqa.selenium.firefox.FirefoxDriver.&lt;init&gt;(FirefoxDriver.java:183)<br />
              org.openqa.selenium.firefox.FirefoxDriver.&lt;init&gt;(FirefoxDriver.java:179)<br />
              org.openqa.selenium.firefox.FirefoxDriver.&lt;init&gt;(FirefoxDriver.java:92)<br />
              com.projectname.testutils.baseclass.TestBaseClass.getWebDriver(TestBaseClass.java:223)<br />
              com.projectname.testutils.baseclass.TestBaseClass.loadURL(TestBaseClass.java:202)<br />
              com.projectname.testutils.baseclass.TestBaseClass.genericSetUp(TestBaseClass.java:166)<br />
              sun.reflect.NativeMethodAccessorImpl.invoke0(Native Method)<br />
              sun.reflect.NativeMethodAccessorImpl.invoke(Unknown Source)<br />
              sun.reflect.DelegatingMethodAccessorImpl.invoke(Unknown Source)<br />
              java.lang.reflect.Method.invoke(Unknown Source)<br />
              org.testng.internal.MethodInvocationHelper.invokeMethod(MethodInvocationHelper.java:84)<br />
              org.testng.internal.Invoker.invokeConfigurationMethod(Invoker.java:564)<br />
              org.testng.internal.Invoker.invokeConfigurations(Invoker.java:213)<br />
              org.testng.internal.Invoker.invokeMethod(Invoker.java:653)<br />
              org.testng.internal.Invoker.retryFailed(Invoker.java:1049)<br />
              org.testng.internal.Invoker.invokeTestMethods(Invoker.java:1254)<br />
              org.testng.internal.TestMethodWorker.invokeTestMethods(TestMethodWorker.java:127)<br />
              org.testng.internal.TestMethodWorker.run(TestMethodWorker.java:111)<br />
              java.util.concurrent.ThreadPoolExecutor.runWorker(Unknown Source)<br />
              java.util.concurrent.ThreadPoolExecutor$Worker.run(Unknown Source)<br />
              java.lang.Thread.run(Unknown Source)<br />
                    <b>Caused by: </b> <a href="javascript:toggleDiv('exception-1')" title="Click to expand/collapse">org.openqa.selenium.firefox.NotConnectedException: Unable to connect to host 127.0.0.1 on port 7059 after 45000 ms. Firefox console output:<br/>
*** LOG addons.manager: Application has been upgraded<br/>
*** LOG addons.xpi: startup<br/>
*** LOG addons.xpi: Skipping unavailable install location app-system-local<br/>
*** LOG addons.xpi: Skipping unavailable install location app-system-share<br/>
*** LOG addons.xpi: Ignoring file entry whose name is not a valid add-on ID: C:\Users\PRIYA~1.MAR\AppData\Local\Temp\anonymous898091422978958949webdriver-profile\extensions\webdriver-staging<br/>
*** LOG addons.xpi: checkForChanges<br/>
*** LOG addons.xpi-utils: Opening database<br/>
*** LOG addons.xpi-utils: Creating database schema<br/>
*** LOG addons.xpi: New add-on fxdriver@googlecode.com installed in app-profile<br/>
*** Blocklist::_loadBlocklistFromFile: blocklist is disabled<br/>
*** LOG addons.xpi: New add-on {972ce4c6-7e08-4474-a285-3208198ce6fd} installed in app-global<br/>
*** LOG addons.xpi: New add-on MintCastNetworks@MintCastNetworks.com installed in winreg-app-global<br/>
*** LOG addons.xpi: New add-on unfriendstatus@unfriendstatus.com installed in winreg-app-global<br/>
*** LOG addons.xpi: New add-on {D19CA586-DD6C-4a0a-96F8-14644F340D60} installed in winreg-app-global<br/>
*** LOG addons.xpi: Updating database with changes to installed add-ons<br/>
*** LOG addons.xpi-utils: Updating add-on states<br/>
*** LOG addons.xpi-utils: Writing add-ons list<br/>
*** LOG addons.manager: shutdown<br/>
*** LOG addons.xpi: shutdown<br/>
*** LOG addons.xpi-utils: shutdown<br/>
*** LOG addons.xpi-utils: Database closed<br/>
*** LOG addons.xpi: startup<br/>
*** LOG addons.xpi: Skipping unavailable install location app-system-local<br/>
*** LOG addons.xpi: Skipping unavailable install location app-system-share<br/>
*** LOG addons.xpi: Ignoring file entry whose name is not a valid add-on ID: C:\Users\PRIYA~1.MAR\AppData\Local\Temp\anonymous898091422978958949webdriver-profile\extensions\webdriver-staging<br/>
*** LOG addons.xpi: checkForChanges<br/>
*** LOG addons.xpi: No changes found<br/>
*** Blocklist::_loadBlocklistFromFile: blocklist is disabled<br/>
</a><br />
        <div class="stackTrace" id="exception-1">
                      org.openqa.selenium.firefox.internal.NewProfileExtensionConnection.start(NewProfileExtensionConnection.java:106)<br />
                      org.openqa.selenium.firefox.FirefoxDriver.startClient(FirefoxDriver.java:244)<br />
                      org.openqa.selenium.remote.RemoteWebDriver.&lt;init&gt;(RemoteWebDriver.java:110)<br />
                      org.openqa.selenium.firefox.FirefoxDriver.&lt;init&gt;(FirefoxDriver.java:188)<br />
                      org.openqa.selenium.firefox.FirefoxDriver.&lt;init&gt;(FirefoxDriver.java:183)<br />
                      org.openqa.selenium.firefox.FirefoxDriver.&lt;init&gt;(FirefoxDriver.java:179)<br />
                      org.openqa.selenium.firefox.FirefoxDriver.&lt;init&gt;(FirefoxDriver.java:92)<br />
                      com.projectname.testutils.baseclass.TestBaseClass.getWebDriver(TestBaseClass.java:223)<br />
                      com.projectname.testutils.baseclass.TestBaseClass.loadURL(TestBaseClass.java:202)<br />
                      com.projectname.testutils.baseclass.TestBaseClass.genericSetUp(TestBaseClass.java:166)<br />
                      sun.reflect.NativeMethodAccessorImpl.invoke0(Native Method)<br />
                      sun.reflect.NativeMethodAccessorImpl.invoke(Unknown Source)<br />
                      sun.reflect.DelegatingMethodAccessorImpl.invoke(Unknown Source)<br />
                      java.lang.reflect.Method.invoke(Unknown Source)<br />
                      org.testng.internal.MethodInvocationHelper.invokeMethod(MethodInvocationHelper.java:84)<br />
                      org.testng.internal.Invoker.invokeConfigurationMethod(Invoker.java:564)<br />
                      org.testng.internal.Invoker.invokeConfigurations(Invoker.java:213)<br />
                      org.testng.internal.Invoker.invokeMethod(Invoker.java:653)<br />
                      org.testng.internal.Invoker.retryFailed(Invoker.java:1049)<br />
                      org.testng.internal.Invoker.invokeTestMethods(Invoker.java:1254)<br />
                      org.testng.internal.TestMethodWorker.invokeTestMethods(TestMethodWorker.java:127)<br />
                      org.testng.internal.TestMethodWorker.run(TestMethodWorker.java:111)<br />
                      java.util.concurrent.ThreadPoolExecutor.runWorker(Unknown Source)<br />
                      java.util.concurrent.ThreadPoolExecutor$Worker.run(Unknown Source)<br />
                      java.lang.Thread.run(Unknown Source)<br />
                  </div>
          </div>
      </td>
</tr>
    
      </table>

<table class="resultsTable" width="100%">
      <tr><td colspan="3" class="header failed">Failed Tests</td></tr>
              <tr>
        <td colspan="3" class="group">com.projectname.test.functional.trainingsystem.verifyTrainingSystemPage</td>
      </tr>
      
<tr>
  <td>
    verifyTrainingSystem
      </td>
  <td class="duration">
    17.316s
  </td>
  <td class="result">
        
    
        

        <a href="javascript:toggleDiv('exception-2')" title="Click to expand/collapse"><b>java.lang.AssertionError: Unable to locate element: {&quot;method&quot;:&quot;link text&quot;,&quot;selector&quot;:&quot;IDM/PMS&quot;}<br/>
Command duration or timeout: 3.79 seconds<br/>
For documentation on this error, please visit: http://seleniumhq.org/exceptions/no_such_element.html<br/>
Build info: version: &apos;2.33.0&apos;, revision: &apos;4ecaf82108b2a6cc6f006aae81961236eba93358&apos;, time: &apos;2013-05-22 12:00:17&apos;<br/>
System info: os.name: &apos;Windows 7&apos;, os.arch: &apos;x86&apos;, os.version: &apos;6.1&apos;, java.version: &apos;1.7.0_13&apos;<br/>
Session ID: e93c74df-fd59-4360-ada0-6da5a9d4794b<br/>
Driver info: org.openqa.selenium.firefox.FirefoxDriver<br/>
Capabilities [{platform=XP, databaseEnabled=true, cssSelectorsEnabled=true, javascriptEnabled=true, acceptSslCerts=true, handlesAlerts=true, browserName=firefox, browserConnectionEnabled=true, nativeEvents=true, webStorageEnabled=true, rotatable=false, locationContextEnabled=true, applicationCacheEnabled=true, takesScreenshot=true, version=17.0}]</b></a><br />
    <div class="stackTrace" id="exception-2">
              org.junit.Assert.fail(Assert.java:93)<br />
              com.projectname.testutils.genericutility.ExceptionHandler.takeScreenshot(ExceptionHandler.java:74)<br />
              com.projectname.testutils.genericutility.ExceptionHandler.&lt;init&gt;(ExceptionHandler.java:50)<br />
              com.projectname.testutils.seleniumutils.SeleniumWebDriver.isElementPresent(SeleniumWebDriver.java:83)<br />
              com.projectname.testutils.pages.IntranetHomePage.&lt;init&gt;(IntranetHomePage.java:29)<br />
              com.projectname.testutils.pages.LoginPage.login(LoginPage.java:36)<br />
              com.projectname.test.functional.trainingsystem.verifyTrainingSystemPage.verifyTrainingSystem(verifyTrainingSystemPage.java:51)<br />
              sun.reflect.NativeMethodAccessorImpl.invoke0(Native Method)<br />
              sun.reflect.NativeMethodAccessorImpl.invoke(Unknown Source)<br />
              sun.reflect.DelegatingMethodAccessorImpl.invoke(Unknown Source)<br />
              java.lang.reflect.Method.invoke(Unknown Source)<br />
              org.testng.internal.MethodInvocationHelper.invokeMethod(MethodInvocationHelper.java:84)<br />
              org.testng.internal.Invoker.invokeMethod(Invoker.java:714)<br />
              org.testng.internal.Invoker.invokeTestMethod(Invoker.java:901)<br />
              org.testng.internal.Invoker.invokeTestMethods(Invoker.java:1231)<br />
              org.testng.internal.TestMethodWorker.invokeTestMethods(TestMethodWorker.java:127)<br />
              org.testng.internal.TestMethodWorker.run(TestMethodWorker.java:111)<br />
              java.util.concurrent.ThreadPoolExecutor.runWorker(Unknown Source)<br />
              java.util.concurrent.ThreadPoolExecutor$Worker.run(Unknown Source)<br />
              java.lang.Thread.run(Unknown Source)<br />
                </div>
      </td>
</tr>
        <tr style="border: 0;"><td colspan="3">&nbsp;</td></tr>
  
      <tr><td colspan="3" class="header skipped">Skipped Tests</td></tr>
              <tr>
        <td colspan="3" class="group">com.projectname.test.functional.trainingsystem.verifyTrainingSystemPage</td>
      </tr>
      
<tr>
  <td>
    verifyTrainingSystem
      </td>
  <td class="duration">
    0.001s
  </td>
  <td class="result">
                         
    
        

      </td>
</tr>
        <tr style="border: 0;"><td colspan="3">&nbsp;</td></tr>
  
    
</table>
</body>
</html>
