<!DOCTYPE html PUBLIC "-//W3C//DTD XHTML 1.1//EN" "http://www.w3.org/TR/xhtml11/DTD/xhtml11.dtd">
<html xmlns="http://www.w3.org/1999/xhtml"><head><title>TestNG Report</title><style type="text/css">table {margin-bottom:10px;border-collapse:collapse;empty-cells:show}th,td {border:1px solid #009;padding:.25em .5em}th {vertical-align:bottom}td {vertical-align:top}table a {font-weight:bold}.stripe td {background-color: #E6EBF9}.num {text-align:right}.passedodd td {background-color: #3F3}.passedeven td {background-color: #0A0}.skippedodd td {background-color: #DDD}.skippedeven td {background-color: #CCC}.failedodd td,.attn {background-color: #F33}.failedeven td,.stripe .attn {background-color: #D00}.stacktrace {white-space:pre;font-family:monospace}.totop {font-size:85%;text-align:center;border-bottom:2px solid #000}</style></head><body><table><tr><th>Test</th><th># Passed</th><th># Skipped</th><th># Failed</th><th>Time (ms)</th><th>Included Groups</th><th>Excluded Groups</th></tr><tr><th colspan="7">Selenium Automation Framework</th></tr><tr><td><a href="#t0">com.projectname.test.functional.modulename</a></td><td class="num">0</td><td class="num">0</td><td class="num attn">4</td><td class="num">73,128</td><td>Regression Tests, Regression</td><td></td></tr><tr class="stripe"><td><a href="#t1">com.projectname.test.functional.modulename1</a></td><td class="num">0</td><td class="num attn">2</td><td class="num attn">3</td><td class="num">56,801</td><td></td><td></td></tr><tr><td><a href="#t2">com.projectname.test.functional.trainingsystem</a></td><td class="num">0</td><td class="num attn">1</td><td class="num attn">1</td><td class="num">95,050</td><td></td><td></td></tr><tr><th>Total</th><th class="num">0</th><th class="num attn">3</th><th class="num attn">8</th><th class="num">224,979</th><th colspan="2"></th></tr></table><table><thead><tr><th>Class</th><th>Method</th><th>Start</th><th>Time (ms)</th></tr></thead><tbody><tr><th colspan="4">Selenium Automation Framework</th></tr></tbody><tbody id="t0"><tr><th colspan="4">com.projectname.test.functional.modulename &#8212; failed</th></tr><tr class="failedeven"><td rowspan="1">com.projectname.test.functional.modulename1.HomePageTest</td><td><a href="#m0">homePageTest</a></td><td rowspan="1">1418375464560</td><td rowspan="1">10110</td></tr><tr class="failedodd"><td rowspan="1">com.projectname.test.functional.modulename1.LoginTest</td><td><a href="#m1">loginTest</a></td><td rowspan="1">1418375474682</td><td rowspan="1">330</td></tr><tr class="failedeven"><td rowspan="2">com.projectname.test.functional.modulename1.SearchByName</td><td><a href="#m2">searchbyname</a></td><td rowspan="2">1418375457032</td><td rowspan="2">7960</td></tr><tr class="failedeven"><td><a href="#m3">searchbyname</a></td></tr></tbody><tbody id="t1"><tr><th colspan="4">com.projectname.test.functional.modulename1 &#8212; failed (configuration methods)</th></tr><tr class="failedeven"><td rowspan="1">com.projectname.test.functional.modulename2.HomePageTest</td><td><a href="#m4">genericSetUp</a></td><td rowspan="1">1418375551158</td><td rowspan="1">0</td></tr><tr class="failedodd"><td rowspan="1">com.projectname.test.functional.modulename2.LoginTest</td><td><a href="#m5">genericSetUp</a></td><td rowspan="1">1418375551273</td><td rowspan="1">0</td></tr><tr><th colspan="4">com.projectname.test.functional.modulename1 &#8212; failed</th></tr><tr class="failedeven"><td rowspan="1">com.projectname.test.functional.modulename2.HomePageTest</td><td><a href="#m6">homePageTest</a></td><td rowspan="1">1418375538295</td><td rowspan="1">8081</td></tr><tr class="failedodd"><td rowspan="1">com.projectname.test.functional.modulename2.LoginTest</td><td><a href="#m7">loginTest</a></td><td rowspan="1">1418375543186</td><td rowspan="1">3190</td></tr><tr class="failedeven"><td rowspan="1">com.projectname.test.functional.modulename2.SearchByName</td><td><a href="#m8">searchbyname</a></td><td rowspan="1">1418375545710</td><td rowspan="1">6385</td></tr><tr><th colspan="4">com.projectname.test.functional.modulename1 &#8212; skipped</th></tr><tr class="skippedeven"><td rowspan="1">com.projectname.test.functional.modulename2.HomePageTest</td><td><a href="#m9">homePageTest</a></td><td rowspan="1">1418375558900</td><td rowspan="1">0</td></tr><tr class="skippedodd"><td rowspan="1">com.projectname.test.functional.modulename2.LoginTest</td><td><a href="#m10">loginTest</a></td><td rowspan="1">1418375564524</td><td rowspan="1">0</td></tr></tbody><tbody id="t2"><tr><th colspan="4">com.projectname.test.functional.trainingsystem &#8212; failed (configuration methods)</th></tr><tr class="failedeven"><td rowspan="1">com.projectname.test.functional.trainingsystem.verifyTrainingSystemPage</td><td><a href="#m11">genericSetUp</a></td><td rowspan="1">1418375615167</td><td rowspan="1">0</td></tr><tr><th colspan="4">com.projectname.test.functional.trainingsystem &#8212; failed</th></tr><tr class="failedeven"><td rowspan="1">com.projectname.test.functional.trainingsystem.verifyTrainingSystemPage</td><td><a href="#m12">verifyTrainingSystem</a></td><td rowspan="1">1418375595182</td><td rowspan="1">17316</td></tr><tr><th colspan="4">com.projectname.test.functional.trainingsystem &#8212; skipped</th></tr><tr class="skippedeven"><td rowspan="1">com.projectname.test.functional.trainingsystem.verifyTrainingSystemPage</td><td><a href="#m13">verifyTrainingSystem</a></td><td rowspan="1">1418375662590</td><td rowspan="1">1</td></tr></tbody></table><h2>com.projectname.test.functional.modulename</h2><h3 id="m0">com.projectname.test.functional.modulename1.HomePageTest#homePageTest</h3><table class="result"><tr><th>Exception</th></tr><tr><td><div class="stacktrace">org.openqa.selenium.WebDriverException: Could not take screenshot of current page - TypeError: c is null
Command duration or timeout: 9.70 seconds
Build info: version: &apos;2.33.0&apos;, revision: &apos;4ecaf82108b2a6cc6f006aae81961236eba93358&apos;, time: &apos;2013-05-22 12:00:17&apos;
System info: os.name: &apos;Windows 7&apos;, os.arch: &apos;x86&apos;, os.version: &apos;6.1&apos;, java.version: &apos;1.7.0_13&apos;
Session ID: 76523388-a53f-45b9-9774-d60dec295f8f
Driver info: org.openqa.selenium.firefox.FirefoxDriver
Capabilities [{platform=XP, databaseEnabled=true, cssSelectorsEnabled=true, javascriptEnabled=true, acceptSslCerts=true, handlesAlerts=true, browserName=firefox, browserConnectionEnabled=true, nativeEvents=true, webStorageEnabled=true, rotatable=false, locationContextEnabled=true, applicationCacheEnabled=true, takesScreenshot=true, version=17.0}]
	at org.openqa.selenium.remote.ErrorHandler.createThrowable(ErrorHandler.java:191)
	at org.openqa.selenium.remote.ErrorHandler.throwIfResponseFailed(ErrorHandler.java:145)
	at org.openqa.selenium.remote.RemoteWebDriver.execute(RemoteWebDriver.java:554)
	at org.openqa.selenium.remote.RemoteWebDriver.execute(RemoteWebDriver.java:569)
	at org.openqa.selenium.firefox.FirefoxDriver.getScreenshotAs(FirefoxDriver.java:316)
	at com.projectname.testutils.genericutility.ExceptionHandler.takeScreenshot(ExceptionHandler.java:56)
	at com.projectname.testutils.genericutility.ExceptionHandler.&lt;init&gt;(ExceptionHandler.java:50)
	at com.projectname.testutils.seleniumutils.SeleniumWebDriver.isElementPresent(SeleniumWebDriver.java:83)
	at com.projectname.testutils.pages.LoginPage.&lt;init&gt;(LoginPage.java:25)
	at com.projectname.test.functional.modulename1.HomePageTest.homePageTest(HomePageTest.java:40)
	at java.util.concurrent.ThreadPoolExecutor.runWorker(Unknown Source)
	at java.util.concurrent.ThreadPoolExecutor$Worker.run(Unknown Source)
	at java.lang.Thread.run(Unknown Source)
Caused by: org.openqa.selenium.remote.ErrorHandler$UnknownServerException: Could not take screenshot of current page - TypeError: c is null
Build info: version: &apos;2.33.0&apos;, revision: &apos;4ecaf82108b2a6cc6f006aae81961236eba93358&apos;, time: &apos;2013-05-22 12:00:17&apos;
System info: os.name: &apos;Windows 7&apos;, os.arch: &apos;x86&apos;, os.version: &apos;6.1&apos;, java.version: &apos;1.7.0_13&apos;
Driver info: driver.version: unknown
	at &lt;anonymous class&gt;.FirefoxDriver.screenshot(file:///C:/Users/PRIYA~1.MAR/AppData/Local/Temp/anonymous5603086132894051406webdriver-profile/extensions/fxdriver@googlecode.com/components/driver_component.js:8645)
	at &lt;anonymous class&gt;.DelayedCommand.executeInternal_/h(file:///C:/Users/PRIYA~1.MAR/AppData/Local/Temp/anonymous5603086132894051406webdriver-profile/extensions/fxdriver@googlecode.com/components/command_processor.js:10456)
	at &lt;anonymous class&gt;.DelayedCommand.executeInternal_(file:///C:/Users/PRIYA~1.MAR/AppData/Local/Temp/anonymous5603086132894051406webdriver-profile/extensions/fxdriver@googlecode.com/components/command_processor.js:10461)
	at &lt;anonymous class&gt;.DelayedCommand.execute/&lt;(file:///C:/Users/PRIYA~1.MAR/AppData/Local/Temp/anonymous5603086132894051406webdriver-profile/extensions/fxdriver@googlecode.com/components/command_processor.js:10401)
... Removed 14 stack frames</div></td></tr></table><p class="totop"><a href="#summary">back to summary</a></p><h3 id="m1">com.projectname.test.functional.modulename1.LoginTest#loginTest</h3><table class="result"><tr><th>Exception</th></tr><tr><td><div class="stacktrace">org.openqa.selenium.remote.SessionNotFoundException: Session ID is null
Build info: version: &apos;2.33.0&apos;, revision: &apos;4ecaf82108b2a6cc6f006aae81961236eba93358&apos;, time: &apos;2013-05-22 12:00:17&apos;
System info: os.name: &apos;Windows 7&apos;, os.arch: &apos;x86&apos;, os.version: &apos;6.1&apos;, java.version: &apos;1.7.0_13&apos;
Driver info: driver.version: SeleniumWebDriver
	at org.openqa.selenium.remote.HttpCommandExecutor.execute(HttpCommandExecutor.java:273)
	at org.openqa.selenium.firefox.internal.NewProfileExtensionConnection.execute(NewProfileExtensionConnection.java:133)
	at org.openqa.selenium.firefox.FirefoxDriver$LazyCommandExecutor.execute(FirefoxDriver.java:355)
	at org.openqa.selenium.remote.RemoteWebDriver.execute(RemoteWebDriver.java:527)
	at org.openqa.selenium.remote.RemoteWebDriver.execute(RemoteWebDriver.java:569)
	at org.openqa.selenium.firefox.FirefoxDriver.getScreenshotAs(FirefoxDriver.java:316)
	at com.projectname.testutils.genericutility.ExceptionHandler.takeScreenshot(ExceptionHandler.java:56)
	at com.projectname.testutils.genericutility.ExceptionHandler.&lt;init&gt;(ExceptionHandler.java:50)
	at com.projectname.testutils.seleniumutils.SeleniumWebDriver.isElementPresent(SeleniumWebDriver.java:83)
	at com.projectname.testutils.pages.LoginPage.&lt;init&gt;(LoginPage.java:25)
	at com.projectname.test.functional.modulename1.LoginTest.loginTest(LoginTest.java:40)
	at java.util.concurrent.ThreadPoolExecutor.runWorker(Unknown Source)
	at java.util.concurrent.ThreadPoolExecutor$Worker.run(Unknown Source)
	at java.lang.Thread.run(Unknown Source)
... Removed 10 stack frames</div></td></tr></table><p class="totop"><a href="#summary">back to summary</a></p><h3 id="m2">com.projectname.test.functional.modulename1.SearchByName#searchbyname</h3><table class="result"><tr><th>Exception</th></tr><tr><td><div class="stacktrace">java.lang.AssertionError: Unable to locate element: {&quot;method&quot;:&quot;link text&quot;,&quot;selector&quot;:&quot;Log In&quot;}
Command duration or timeout: 7.28 seconds
For documentation on this error, please visit: http://seleniumhq.org/exceptions/no_such_element.html
Build info: version: &apos;2.33.0&apos;, revision: &apos;4ecaf82108b2a6cc6f006aae81961236eba93358&apos;, time: &apos;2013-05-22 12:00:17&apos;
System info: os.name: &apos;Windows 7&apos;, os.arch: &apos;x86&apos;, os.version: &apos;6.1&apos;, java.version: &apos;1.7.0_13&apos;
Session ID: 76523388-a53f-45b9-9774-d60dec295f8f
Driver info: org.openqa.selenium.firefox.FirefoxDriver
Capabilities [{platform=XP, databaseEnabled=true, cssSelectorsEnabled=true, javascriptEnabled=true, acceptSslCerts=true, handlesAlerts=true, browserName=firefox, browserConnectionEnabled=true, nativeEvents=true, webStorageEnabled=true, rotatable=false, locationContextEnabled=true, applicationCacheEnabled=true, takesScreenshot=true, version=17.0}]
	at org.junit.Assert.fail(Assert.java:93)
	at com.projectname.testutils.genericutility.ExceptionHandler.takeScreenshot(ExceptionHandler.java:74)
	at com.projectname.testutils.genericutility.ExceptionHandler.&lt;init&gt;(ExceptionHandler.java:50)
	at com.projectname.testutils.seleniumutils.SeleniumWebDriver.isElementPresent(SeleniumWebDriver.java:83)
	at com.projectname.testutils.pages.LoginPage.&lt;init&gt;(LoginPage.java:25)
	at com.projectname.test.functional.modulename1.SearchByName.searchbyname(SearchByName.java:49)
	at java.util.concurrent.ThreadPoolExecutor.runWorker(Unknown Source)
	at java.util.concurrent.ThreadPoolExecutor$Worker.run(Unknown Source)
	at java.lang.Thread.run(Unknown Source)
... Removed 10 stack frames</div></td></tr></table><p class="totop"><a href="#summary">back to summary</a></p><h3 id="m3">com.projectname.test.functional.modulename1.SearchByName#searchbyname</h3><table class="result"><tr><th>Exception</th></tr><tr><td><div class="stacktrace">java.lang.AssertionError: Unable to locate element: {&quot;method&quot;:&quot;link text&quot;,&quot;selector&quot;:&quot;IDM/PMS&quot;}
Command duration or timeout: 3.67 seconds
For documentation on this error, please visit: http://seleniumhq.org/exceptions/no_such_element.html
Build info: version: &apos;2.33.0&apos;, revision: &apos;4ecaf82108b2a6cc6f006aae81961236eba93358&apos;, time: &apos;2013-05-22 12:00:17&apos;
System info: os.name: &apos;Windows 7&apos;, os.arch: &apos;x86&apos;, os.version: &apos;6.1&apos;, java.version: &apos;1.7.0_13&apos;
Session ID: 37fa2306-a2e1-4730-87d7-c054566eab12
Driver info: org.openqa.selenium.firefox.FirefoxDriver
Capabilities [{platform=XP, databaseEnabled=true, cssSelectorsEnabled=true, javascriptEnabled=true, acceptSslCerts=true, handlesAlerts=true, browserName=firefox, browserConnectionEnabled=true, nativeEvents=true, webStorageEnabled=true, rotatable=false, locationContextEnabled=true, applicationCacheEnabled=true, takesScreenshot=true, version=17.0}]
	at org.junit.Assert.fail(Assert.java:93)
	at com.projectname.testutils.genericutility.ExceptionHandler.takeScreenshot(ExceptionHandler.java:74)
	at com.projectname.testutils.genericutility.ExceptionHandler.&lt;init&gt;(ExceptionHandler.java:50)
	at com.projectname.testutils.seleniumutils.SeleniumWebDriver.isElementPresent(SeleniumWebDriver.java:83)
	at com.projectname.testutils.pages.IntranetHomePage.&lt;init&gt;(IntranetHomePage.java:29)
	at com.projectname.testutils.pages.LoginPage.login(LoginPage.java:36)
	at com.projectname.test.functional.modulename1.SearchByName.searchbyname(SearchByName.java:50)
	at java.util.concurrent.ThreadPoolExecutor.runWorker(Unknown Source)
	at java.util.concurrent.ThreadPoolExecutor$Worker.run(Unknown Source)
	at java.lang.Thread.run(Unknown Source)
... Removed 10 stack frames</div></td></tr></table><p class="totop"><a href="#summary">back to summary</a></p><h2>com.projectname.test.functional.modulename1</h2><h3 id="m4">com.projectname.test.functional.modulename2.HomePageTest#genericSetUp</h3><table class="result"><tr><th>Exception</th></tr><tr><td><div class="stacktrace">org.openqa.selenium.remote.UnreachableBrowserException: Error communicating with the remote browser. It may have died.
Build info: version: &apos;2.33.0&apos;, revision: &apos;4ecaf82108b2a6cc6f006aae81961236eba93358&apos;, time: &apos;2013-05-22 12:00:17&apos;
System info: os.name: &apos;Windows 7&apos;, os.arch: &apos;x86&apos;, os.version: &apos;6.1&apos;, java.version: &apos;1.7.0_13&apos;
Driver info: driver.version: RemoteWebDriver
	at org.openqa.selenium.remote.RemoteWebDriver.execute(RemoteWebDriver.java:548)
	at org.openqa.selenium.remote.RemoteWebDriver$RemoteWebDriverOptions$RemoteWindow.maximize(RemoteWebDriver.java:783)
	at com.projectname.testutils.baseclass.TestBaseClass.loadURL(TestBaseClass.java:207)
	at com.projectname.testutils.baseclass.TestBaseClass.genericSetUp(TestBaseClass.java:166)
	at java.util.concurrent.ThreadPoolExecutor.runWorker(Unknown Source)
	at java.util.concurrent.ThreadPoolExecutor$Worker.run(Unknown Source)
	at java.lang.Thread.run(Unknown Source)
Caused by: java.net.SocketException: Connection reset
	at java.net.SocketInputStream.read(Unknown Source)
	at java.net.SocketInputStream.read(Unknown Source)
	at org.apache.http.impl.io.AbstractSessionInputBuffer.fillBuffer(AbstractSessionInputBuffer.java:166)
	at org.apache.http.impl.io.SocketInputBuffer.fillBuffer(SocketInputBuffer.java:90)
	at org.apache.http.impl.io.AbstractSessionInputBuffer.readLine(AbstractSessionInputBuffer.java:281)
	at org.apache.http.impl.conn.DefaultHttpResponseParser.parseHead(DefaultHttpResponseParser.java:92)
	at org.apache.http.impl.conn.DefaultHttpResponseParser.parseHead(DefaultHttpResponseParser.java:62)
	at org.apache.http.impl.io.AbstractMessageParser.parse(AbstractMessageParser.java:254)
	at org.apache.http.impl.AbstractHttpClientConnection.receiveResponseHeader(AbstractHttpClientConnection.java:289)
	at org.apache.http.impl.conn.DefaultClientConnection.receiveResponseHeader(DefaultClientConnection.java:252)
	at org.apache.http.impl.conn.AbstractClientConnAdapter.receiveResponseHeader(AbstractClientConnAdapter.java:219)
	at org.apache.http.protocol.HttpRequestExecutor.doReceiveResponse(HttpRequestExecutor.java:300)
	at org.apache.http.protocol.HttpRequestExecutor.execute(HttpRequestExecutor.java:127)
	at org.apache.http.impl.client.DefaultRequestDirector.tryExecute(DefaultRequestDirector.java:712)
	at org.apache.http.impl.client.DefaultRequestDirector.execute(DefaultRequestDirector.java:517)
	at org.apache.http.impl.client.AbstractHttpClient.execute(AbstractHttpClient.java:906)
	at org.openqa.selenium.remote.HttpCommandExecutor.fallBackExecute(HttpCommandExecutor.java:316)
	at org.openqa.selenium.remote.HttpCommandExecutor.execute(HttpCommandExecutor.java:295)
	at org.openqa.selenium.firefox.internal.NewProfileExtensionConnection.execute(NewProfileExtensionConnection.java:133)
	at org.openqa.selenium.firefox.FirefoxDriver$LazyCommandExecutor.execute(FirefoxDriver.java:355)
	at org.openqa.selenium.remote.RemoteWebDriver.execute(RemoteWebDriver.java:527)
	... 18 more
... Removed 12 stack frames</div></td></tr></table><p class="totop"><a href="#summary">back to summary</a></p><h3 id="m5">com.projectname.test.functional.modulename2.LoginTest#genericSetUp</h3><table class="result"><tr><th>Exception</th></tr><tr><td><div class="stacktrace">org.openqa.selenium.remote.UnreachableBrowserException: Error communicating with the remote browser. It may have died.
Build info: version: &apos;2.33.0&apos;, revision: &apos;4ecaf82108b2a6cc6f006aae81961236eba93358&apos;, time: &apos;2013-05-22 12:00:17&apos;
System info: os.name: &apos;Windows 7&apos;, os.arch: &apos;x86&apos;, os.version: &apos;6.1&apos;, java.version: &apos;1.7.0_13&apos;
Driver info: driver.version: RemoteWebDriver
	at org.openqa.selenium.remote.RemoteWebDriver.execute(RemoteWebDriver.java:548)
	at org.openqa.selenium.remote.RemoteWebDriver$RemoteWebDriverOptions$RemoteWindow.maximize(RemoteWebDriver.java:783)
	at com.projectname.testutils.baseclass.TestBaseClass.loadURL(TestBaseClass.java:207)
	at com.projectname.testutils.baseclass.TestBaseClass.genericSetUp(TestBaseClass.java:166)
	at java.util.concurrent.ThreadPoolExecutor.runWorker(Unknown Source)
	at java.util.concurrent.ThreadPoolExecutor$Worker.run(Unknown Source)
	at java.lang.Thread.run(Unknown Source)
Caused by: java.net.SocketException: Connection reset
	at java.net.SocketInputStream.read(Unknown Source)
	at java.net.SocketInputStream.read(Unknown Source)
	at org.apache.http.impl.io.AbstractSessionInputBuffer.fillBuffer(AbstractSessionInputBuffer.java:166)
	at org.apache.http.impl.io.SocketInputBuffer.fillBuffer(SocketInputBuffer.java:90)
	at org.apache.http.impl.io.AbstractSessionInputBuffer.readLine(AbstractSessionInputBuffer.java:281)
	at org.apache.http.impl.conn.DefaultHttpResponseParser.parseHead(DefaultHttpResponseParser.java:92)
	at org.apache.http.impl.conn.DefaultHttpResponseParser.parseHead(DefaultHttpResponseParser.java:62)
	at org.apache.http.impl.io.AbstractMessageParser.parse(AbstractMessageParser.java:254)
	at org.apache.http.impl.AbstractHttpClientConnection.receiveResponseHeader(AbstractHttpClientConnection.java:289)
	at org.apache.http.impl.conn.DefaultClientConnection.receiveResponseHeader(DefaultClientConnection.java:252)
	at org.apache.http.impl.conn.AbstractClientConnAdapter.receiveResponseHeader(AbstractClientConnAdapter.java:219)
	at org.apache.http.protocol.HttpRequestExecutor.doReceiveResponse(HttpRequestExecutor.java:300)
	at org.apache.http.protocol.HttpRequestExecutor.execute(HttpRequestExecutor.java:127)
	at org.apache.http.impl.client.DefaultRequestDirector.tryExecute(DefaultRequestDirector.java:712)
	at org.apache.http.impl.client.DefaultRequestDirector.execute(DefaultRequestDirector.java:517)
	at org.apache.http.impl.client.AbstractHttpClient.execute(AbstractHttpClient.java:906)
	at org.openqa.selenium.remote.HttpCommandExecutor.fallBackExecute(HttpCommandExecutor.java:316)
	at org.openqa.selenium.remote.HttpCommandExecutor.execute(HttpCommandExecutor.java:295)
	at org.openqa.selenium.firefox.internal.NewProfileExtensionConnection.execute(NewProfileExtensionConnection.java:133)
	at org.openqa.selenium.firefox.FirefoxDriver$LazyCommandExecutor.execute(FirefoxDriver.java:355)
	at org.openqa.selenium.remote.RemoteWebDriver.execute(RemoteWebDriver.java:527)
	... 18 more
... Removed 12 stack frames</div></td></tr></table><p class="totop"><a href="#summary">back to summary</a></p><h3 id="m6">com.projectname.test.functional.modulename2.HomePageTest#homePageTest</h3><table class="result"><tr><th>Exception</th></tr><tr><td><div class="stacktrace">java.lang.AssertionError: Unable to locate element: {&quot;method&quot;:&quot;link text&quot;,&quot;selector&quot;:&quot;Log In&quot;}
Command duration or timeout: 7.41 seconds
For documentation on this error, please visit: http://seleniumhq.org/exceptions/no_such_element.html
Build info: version: &apos;2.33.0&apos;, revision: &apos;4ecaf82108b2a6cc6f006aae81961236eba93358&apos;, time: &apos;2013-05-22 12:00:17&apos;
System info: os.name: &apos;Windows 7&apos;, os.arch: &apos;x86&apos;, os.version: &apos;6.1&apos;, java.version: &apos;1.7.0_13&apos;
Session ID: 9f8b21c6-b45f-4d72-adf3-7dedf5c8cd87
Driver info: org.openqa.selenium.firefox.FirefoxDriver
Capabilities [{platform=XP, databaseEnabled=true, cssSelectorsEnabled=true, javascriptEnabled=true, acceptSslCerts=true, handlesAlerts=true, browserName=firefox, browserConnectionEnabled=true, nativeEvents=true, webStorageEnabled=true, rotatable=false, locationContextEnabled=true, applicationCacheEnabled=true, takesScreenshot=true, version=17.0}]
	at org.junit.Assert.fail(Assert.java:93)
	at com.projectname.testutils.genericutility.ExceptionHandler.takeScreenshot(ExceptionHandler.java:74)
	at com.projectname.testutils.genericutility.ExceptionHandler.&lt;init&gt;(ExceptionHandler.java:50)
	at com.projectname.testutils.seleniumutils.SeleniumWebDriver.isElementPresent(SeleniumWebDriver.java:83)
	at com.projectname.testutils.pages.LoginPage.&lt;init&gt;(LoginPage.java:25)
	at com.projectname.test.functional.modulename2.HomePageTest.homePageTest(HomePageTest.java:40)
	at java.util.concurrent.ThreadPoolExecutor.runWorker(Unknown Source)
	at java.util.concurrent.ThreadPoolExecutor$Worker.run(Unknown Source)
	at java.lang.Thread.run(Unknown Source)
... Removed 10 stack frames</div></td></tr></table><p class="totop"><a href="#summary">back to summary</a></p><h3 id="m7">com.projectname.test.functional.modulename2.LoginTest#loginTest</h3><table class="result"><tr><th>Exception</th></tr><tr><td><div class="stacktrace">java.lang.AssertionError: Unable to locate element: {&quot;method&quot;:&quot;link text&quot;,&quot;selector&quot;:&quot;Log In&quot;}
Command duration or timeout: 2.52 seconds
For documentation on this error, please visit: http://seleniumhq.org/exceptions/no_such_element.html
Build info: version: &apos;2.33.0&apos;, revision: &apos;4ecaf82108b2a6cc6f006aae81961236eba93358&apos;, time: &apos;2013-05-22 12:00:17&apos;
System info: os.name: &apos;Windows 7&apos;, os.arch: &apos;x86&apos;, os.version: &apos;6.1&apos;, java.version: &apos;1.7.0_13&apos;
Session ID: 9f8b21c6-b45f-4d72-adf3-7dedf5c8cd87
Driver info: org.openqa.selenium.firefox.FirefoxDriver
Capabilities [{platform=XP, databaseEnabled=true, cssSelectorsEnabled=true, javascriptEnabled=true, acceptSslCerts=true, handlesAlerts=true, browserName=firefox, browserConnectionEnabled=true, nativeEvents=true, webStorageEnabled=true, rotatable=false, locationContextEnabled=true, applicationCacheEnabled=true, takesScreenshot=true, version=17.0}]
	at org.junit.Assert.fail(Assert.java:93)
	at com.projectname.testutils.genericutility.ExceptionHandler.takeScreenshot(ExceptionHandler.java:74)
	at com.projectname.testutils.genericutility.ExceptionHandler.&lt;init&gt;(ExceptionHandler.java:50)
	at com.projectname.testutils.seleniumutils.SeleniumWebDriver.isElementPresent(SeleniumWebDriver.java:83)
	at com.projectname.testutils.pages.LoginPage.&lt;init&gt;(LoginPage.java:25)
	at com.projectname.test.functional.modulename2.LoginTest.loginTest(LoginTest.java:40)
	at java.util.concurrent.ThreadPoolExecutor.runWorker(Unknown Source)
	at java.util.concurrent.ThreadPoolExecutor$Worker.run(Unknown Source)
	at java.lang.Thread.run(Unknown Source)
... Removed 10 stack frames</div></td></tr></table><p class="totop"><a href="#summary">back to summary</a></p><h3 id="m8">com.projectname.test.functional.modulename2.SearchByName#searchbyname</h3><table class="result"><tr><th>Exception</th></tr><tr><td><div class="stacktrace">java.lang.NullPointerException
	at com.projectname.testutils.genericutility.ExceptionHandler.&lt;init&gt;(ExceptionHandler.java:31)
	at com.projectname.testutils.seleniumutils.SeleniumWebDriver.waitForPageToLoad(SeleniumWebDriver.java:301)
	at com.projectname.testutils.pages.LoginPage.login(LoginPage.java:30)
	at com.projectname.test.functional.modulename2.SearchByName.searchbyname(SearchByName.java:50)
	at java.util.concurrent.ThreadPoolExecutor.runWorker(Unknown Source)
	at java.util.concurrent.ThreadPoolExecutor$Worker.run(Unknown Source)
	at java.lang.Thread.run(Unknown Source)
... Removed 10 stack frames</div></td></tr></table><p class="totop"><a href="#summary">back to summary</a></p><h3 id="m9">com.projectname.test.functional.modulename2.HomePageTest#homePageTest</h3><table class="result"></table><p class="totop"><a href="#summary">back to summary</a></p><h3 id="m10">com.projectname.test.functional.modulename2.LoginTest#loginTest</h3><table class="result"></table><p class="totop"><a href="#summary">back to summary</a></p><h2>com.projectname.test.functional.trainingsystem</h2><h3 id="m11">com.projectname.test.functional.trainingsystem.verifyTrainingSystemPage#genericSetUp</h3><table class="result"><tr><th>Exception</th></tr><tr><td><div class="stacktrace">org.openqa.selenium.WebDriverException: Failed to connect to binary FirefoxBinary(C:\Program Files (x86)\Mozilla Firefox\firefox.exe) on port 7059; process output follows: 
*** LOG addons.manager: Application has been upgraded
*** LOG addons.xpi: startup
*** LOG addons.xpi: Skipping unavailable install location app-system-local
*** LOG addons.xpi: Skipping unavailable install location app-system-share
*** LOG addons.xpi: Ignoring file entry whose name is not a valid add-on ID: C:\Users\PRIYA~1.MAR\AppData\Local\Temp\anonymous898091422978958949webdriver-profile\extensions\webdriver-staging
*** LOG addons.xpi: checkForChanges
*** LOG addons.xpi-utils: Opening database
*** LOG addons.xpi-utils: Creating database schema
*** LOG addons.xpi: New add-on fxdriver@googlecode.com installed in app-profile
*** Blocklist::_loadBlocklistFromFile: blocklist is disabled
*** LOG addons.xpi: New add-on {972ce4c6-7e08-4474-a285-3208198ce6fd} installed in app-global
*** LOG addons.xpi: New add-on MintCastNetworks@MintCastNetworks.com installed in winreg-app-global
*** LOG addons.xpi: New add-on unfriendstatus@unfriendstatus.com installed in winreg-app-global
*** LOG addons.xpi: New add-on {D19CA586-DD6C-4a0a-96F8-14644F340D60} installed in winreg-app-global
*** LOG addons.xpi: Updating database with changes to installed add-ons
*** LOG addons.xpi-utils: Updating add-on states
*** LOG addons.xpi-utils: Writing add-ons list
*** LOG addons.manager: shutdown
*** LOG addons.xpi: shutdown
*** LOG addons.xpi-utils: shutdown
*** LOG addons.xpi-utils: Database closed
*** LOG addons.xpi: startup
*** LOG addons.xpi: Skipping unavailable install location app-system-local
*** LOG addons.xpi: Skipping unavailable install location app-system-share
*** LOG addons.xpi: Ignoring file entry whose name is not a valid add-on ID: C:\Users\PRIYA~1.MAR\AppData\Local\Temp\anonymous898091422978958949webdriver-profile\extensions\webdriver-staging
*** LOG addons.xpi: checkForChanges
*** LOG addons.xpi: No changes found
*** Blocklist::_loadBlocklistFromFile: blocklist is disabled

Build info: version: &apos;2.33.0&apos;, revision: &apos;4ecaf82108b2a6cc6f006aae81961236eba93358&apos;, time: &apos;2013-05-22 12:00:17&apos;
System info: os.name: &apos;Windows 7&apos;, os.arch: &apos;x86&apos;, os.version: &apos;6.1&apos;, java.version: &apos;1.7.0_13&apos;
Driver info: driver.version: FirefoxDriver
	at org.openqa.selenium.firefox.internal.NewProfileExtensionConnection.start(NewProfileExtensionConnection.java:118)
	at org.openqa.selenium.firefox.FirefoxDriver.startClient(FirefoxDriver.java:244)
	at org.openqa.selenium.remote.RemoteWebDriver.&lt;init&gt;(RemoteWebDriver.java:110)
	at org.openqa.selenium.firefox.FirefoxDriver.&lt;init&gt;(FirefoxDriver.java:188)
	at org.openqa.selenium.firefox.FirefoxDriver.&lt;init&gt;(FirefoxDriver.java:183)
	at org.openqa.selenium.firefox.FirefoxDriver.&lt;init&gt;(FirefoxDriver.java:179)
	at org.openqa.selenium.firefox.FirefoxDriver.&lt;init&gt;(FirefoxDriver.java:92)
	at com.projectname.testutils.baseclass.TestBaseClass.getWebDriver(TestBaseClass.java:223)
	at com.projectname.testutils.baseclass.TestBaseClass.loadURL(TestBaseClass.java:202)
	at com.projectname.testutils.baseclass.TestBaseClass.genericSetUp(TestBaseClass.java:166)
	at java.util.concurrent.ThreadPoolExecutor.runWorker(Unknown Source)
	at java.util.concurrent.ThreadPoolExecutor$Worker.run(Unknown Source)
	at java.lang.Thread.run(Unknown Source)
Caused by: org.openqa.selenium.firefox.NotConnectedException: Unable to connect to host 127.0.0.1 on port 7059 after 45000 ms. Firefox console output:
*** LOG addons.manager: Application has been upgraded
*** LOG addons.xpi: startup
*** LOG addons.xpi: Skipping unavailable install location app-system-local
*** LOG addons.xpi: Skipping unavailable install location app-system-share
*** LOG addons.xpi: Ignoring file entry whose name is not a valid add-on ID: C:\Users\PRIYA~1.MAR\AppData\Local\Temp\anonymous898091422978958949webdriver-profile\extensions\webdriver-staging
*** LOG addons.xpi: checkForChanges
*** LOG addons.xpi-utils: Opening database
*** LOG addons.xpi-utils: Creating database schema
*** LOG addons.xpi: New add-on fxdriver@googlecode.com installed in app-profile
*** Blocklist::_loadBlocklistFromFile: blocklist is disabled
*** LOG addons.xpi: New add-on {972ce4c6-7e08-4474-a285-3208198ce6fd} installed in app-global
*** LOG addons.xpi: New add-on MintCastNetworks@MintCastNetworks.com installed in winreg-app-global
*** LOG addons.xpi: New add-on unfriendstatus@unfriendstatus.com installed in winreg-app-global
*** LOG addons.xpi: New add-on {D19CA586-DD6C-4a0a-96F8-14644F340D60} installed in winreg-app-global
*** LOG addons.xpi: Updating database with changes to installed add-ons
*** LOG addons.xpi-utils: Updating add-on states
*** LOG addons.xpi-utils: Writing add-ons list
*** LOG addons.manager: shutdown
*** LOG addons.xpi: shutdown
*** LOG addons.xpi-utils: shutdown
*** LOG addons.xpi-utils: Database closed
*** LOG addons.xpi: startup
*** LOG addons.xpi: Skipping unavailable install location app-system-local
*** LOG addons.xpi: Skipping unavailable install location app-system-share
*** LOG addons.xpi: Ignoring file entry whose name is not a valid add-on ID: C:\Users\PRIYA~1.MAR\AppData\Local\Temp\anonymous898091422978958949webdriver-profile\extensions\webdriver-staging
*** LOG addons.xpi: checkForChanges
*** LOG addons.xpi: No changes found
*** Blocklist::_loadBlocklistFromFile: blocklist is disabled

	at org.openqa.selenium.firefox.internal.NewProfileExtensionConnection.start(NewProfileExtensionConnection.java:106)
	... 24 more
... Removed 12 stack frames</div></td></tr></table><p class="totop"><a href="#summary">back to summary</a></p><h3 id="m12">com.projectname.test.functional.trainingsystem.verifyTrainingSystemPage#verifyTrainingSystem</h3><table class="result"><tr><th>Exception</th></tr><tr><td><div class="stacktrace">java.lang.AssertionError: Unable to locate element: {&quot;method&quot;:&quot;link text&quot;,&quot;selector&quot;:&quot;IDM/PMS&quot;}
Command duration or timeout: 3.79 seconds
For documentation on this error, please visit: http://seleniumhq.org/exceptions/no_such_element.html
Build info: version: &apos;2.33.0&apos;, revision: &apos;4ecaf82108b2a6cc6f006aae81961236eba93358&apos;, time: &apos;2013-05-22 12:00:17&apos;
System info: os.name: &apos;Windows 7&apos;, os.arch: &apos;x86&apos;, os.version: &apos;6.1&apos;, java.version: &apos;1.7.0_13&apos;
Session ID: e93c74df-fd59-4360-ada0-6da5a9d4794b
Driver info: org.openqa.selenium.firefox.FirefoxDriver
Capabilities [{platform=XP, databaseEnabled=true, cssSelectorsEnabled=true, javascriptEnabled=true, acceptSslCerts=true, handlesAlerts=true, browserName=firefox, browserConnectionEnabled=true, nativeEvents=true, webStorageEnabled=true, rotatable=false, locationContextEnabled=true, applicationCacheEnabled=true, takesScreenshot=true, version=17.0}]
	at org.junit.Assert.fail(Assert.java:93)
	at com.projectname.testutils.genericutility.ExceptionHandler.takeScreenshot(ExceptionHandler.java:74)
	at com.projectname.testutils.genericutility.ExceptionHandler.&lt;init&gt;(ExceptionHandler.java:50)
	at com.projectname.testutils.seleniumutils.SeleniumWebDriver.isElementPresent(SeleniumWebDriver.java:83)
	at com.projectname.testutils.pages.IntranetHomePage.&lt;init&gt;(IntranetHomePage.java:29)
	at com.projectname.testutils.pages.LoginPage.login(LoginPage.java:36)
	at com.projectname.test.functional.trainingsystem.verifyTrainingSystemPage.verifyTrainingSystem(verifyTrainingSystemPage.java:51)
	at java.util.concurrent.ThreadPoolExecutor.runWorker(Unknown Source)
	at java.util.concurrent.ThreadPoolExecutor$Worker.run(Unknown Source)
	at java.lang.Thread.run(Unknown Source)
... Removed 10 stack frames</div></td></tr></table><p class="totop"><a href="#summary">back to summary</a></p><h3 id="m13">com.projectname.test.functional.trainingsystem.verifyTrainingSystemPage#verifyTrainingSystem</h3><table class="result"></table><p class="totop"><a href="#summary">back to summary</a></p></body></html>