<?xml version="1.0" encoding="UTF-8"?>
<testng-results skipped="0" failed="1" total="1" passed="0">
  <reporter-output>
  </reporter-output>
  <suite name="Default suite" duration-ms="44999" started-at="2014-10-16T05:24:29Z" finished-at="2014-10-16T05:25:14Z">
    <groups>
    </groups>
    <test name="Default test" duration-ms="44999" started-at="2014-10-16T05:24:29Z" finished-at="2014-10-16T05:25:14Z">
      <class name="com.projectName.test.functional.moduleName1.HomePageTest">
        <test-method status="PASS" signature="genericSetUp()[pri:0, instance:com.projectName.test.functional.moduleName1.HomePageTest@8843f5]" name="genericSetUp" is-config="true" duration-ms="9247" started-at="2014-10-16T10:54:29Z" finished-at="2014-10-16T10:54:38Z">
          <reporter-output>
          </reporter-output>
        </test-method> <!-- genericSetUp -->
        <test-method status="FAIL" signature="homePageTest()[pri:0, instance:com.projectName.test.functional.moduleName1.HomePageTest@8843f5]" name="homePageTest" duration-ms="35217" started-at="2014-10-16T10:54:38Z" finished-at="2014-10-16T10:55:14Z">
          <exception class="java.lang.AssertionError">
            <message>
              <![CDATA[Unable to locate element: {"method":"link text","selector":"123"}
Command duration or timeout: 3.60 seconds
For documentation on this error, please visit: http://seleniumhq.org/exceptions/no_such_element.html
Build info: version: '2.33.0', revision: '4ecaf82108b2a6cc6f006aae81961236eba93358', time: '2013-05-22 12:00:17'
System info: os.name: 'Windows 7', os.arch: 'x86', os.version: '6.1', java.version: '1.7.0_13'
Session ID: ee22e9e2-276a-4d24-9375-0ca5f86cb16e
Driver info: org.openqa.selenium.firefox.FirefoxDriver
Capabilities [{platform=XP, databaseEnabled=true, cssSelectorsEnabled=true, javascriptEnabled=true, acceptSslCerts=true, handlesAlerts=true, browserName=firefox, browserConnectionEnabled=true, nativeEvents=true, webStorageEnabled=true, rotatable=false, locationContextEnabled=true, applicationCacheEnabled=true, takesScreenshot=true, version=17.0}]]]>
            </message>
            <full-stacktrace>
              <![CDATA[java.lang.AssertionError: Unable to locate element: {"method":"link text","selector":"123"}
Command duration or timeout: 3.60 seconds
For documentation on this error, please visit: http://seleniumhq.org/exceptions/no_such_element.html
Build info: version: '2.33.0', revision: '4ecaf82108b2a6cc6f006aae81961236eba93358', time: '2013-05-22 12:00:17'
System info: os.name: 'Windows 7', os.arch: 'x86', os.version: '6.1', java.version: '1.7.0_13'
Session ID: ee22e9e2-276a-4d24-9375-0ca5f86cb16e
Driver info: org.openqa.selenium.firefox.FirefoxDriver
Capabilities [{platform=XP, databaseEnabled=true, cssSelectorsEnabled=true, javascriptEnabled=true, acceptSslCerts=true, handlesAlerts=true, browserName=firefox, browserConnectionEnabled=true, nativeEvents=true, webStorageEnabled=true, rotatable=false, locationContextEnabled=true, applicationCacheEnabled=true, takesScreenshot=true, version=17.0}]
	at org.junit.Assert.fail(Assert.java:93)
	at com.projectName.testutils.genericutility.ExceptionHandler.takeScreenshot(ExceptionHandler.java:66)
	at com.projectName.testutils.genericutility.ExceptionHandler.<init>(ExceptionHandler.java:47)
	at com.projectName.testutils.seleniumutils.SeleniumWebDriver.isElementPresent(SeleniumWebDriver.java:81)
	at com.projectName.testutils.pages.projectNamePages.HomeScreen.verifyelement(HomeScreen.java:49)
	at com.projectName.test.functional.moduleName1.HomePageTest.homePageTest(HomePageTest.java:49)
	at sun.reflect.NativeMethodAccessorImpl.invoke0(Native Method)
	at sun.reflect.NativeMethodAccessorImpl.invoke(Unknown Source)
	at sun.reflect.DelegatingMethodAccessorImpl.invoke(Unknown Source)
	at java.lang.reflect.Method.invoke(Unknown Source)
	at org.testng.internal.MethodInvocationHelper.invokeMethod(MethodInvocationHelper.java:84)
	at org.testng.internal.Invoker.invokeMethod(Invoker.java:714)
	at org.testng.internal.Invoker.invokeTestMethod(Invoker.java:901)
	at org.testng.internal.Invoker.invokeTestMethods(Invoker.java:1231)
	at org.testng.internal.TestMethodWorker.invokeTestMethods(TestMethodWorker.java:127)
	at org.testng.internal.TestMethodWorker.run(TestMethodWorker.java:111)
	at org.testng.TestRunner.privateRun(TestRunner.java:767)
	at org.testng.TestRunner.run(TestRunner.java:617)
	at org.testng.SuiteRunner.runTest(SuiteRunner.java:334)
	at org.testng.SuiteRunner.runSequentially(SuiteRunner.java:329)
	at org.testng.SuiteRunner.privateRun(SuiteRunner.java:291)
	at org.testng.SuiteRunner.run(SuiteRunner.java:240)
	at org.testng.SuiteRunnerWorker.runSuite(SuiteRunnerWorker.java:52)
	at org.testng.SuiteRunnerWorker.run(SuiteRunnerWorker.java:86)
	at org.testng.TestNG.runSuitesSequentially(TestNG.java:1224)
	at org.testng.TestNG.runSuitesLocally(TestNG.java:1149)
	at org.testng.TestNG.run(TestNG.java:1057)
	at org.testng.remote.RemoteTestNG.run(RemoteTestNG.java:111)
	at org.testng.remote.RemoteTestNG.initAndRun(RemoteTestNG.java:204)
	at org.testng.remote.RemoteTestNG.main(RemoteTestNG.java:175)
]]>
            </full-stacktrace>
          </exception> <!-- java.lang.AssertionError -->
          <reporter-output>
          </reporter-output>
        </test-method> <!-- homePageTest -->
        <test-method status="PASS" signature="tearDown(org.testng.ITestResult)[pri:0, instance:com.projectName.test.functional.moduleName1.HomePageTest@8843f5]" name="tearDown" is-config="true" duration-ms="520" started-at="2014-10-16T10:55:14Z" finished-at="2014-10-16T10:55:14Z">
          <params>
            <param index="0">
              <value>
                <![CDATA[[TestResult name=homePageTest status=FAILURE method=HomePageTest.homePageTest()[pri:0, instance:com.projectName.test.functional.moduleName1.HomePageTest@8843f5] output={null}]]]>
              </value>
            </param>
          </params>
          <reporter-output>
          </reporter-output>
        </test-method> <!-- tearDown -->
      </class> <!-- com.projectName.test.functional.moduleName1.HomePageTest -->
    </test> <!-- Default test -->
  </suite> <!-- Default suite -->
</testng-results>
