<?xml version="1.0" encoding="UTF-8"?>
<!-- Generated by org.testng.reporters.JUnitReportReporter -->
<testsuite hostname="aspire984" name="com.projectname.test.functional.modulename1.LoginTest" tests="1" failures="1" timestamp="12 Dec 2014 09:14:24 GMT" time="39.888" errors="0">
  <testcase name="loginTest" time="39.888" classname="com.projectname.test.functional.modulename1.LoginTest">
    <failure type="org.openqa.selenium.remote.SessionNotFoundException" message="Session ID is null
Build info: version: &#039;2.33.0&#039;, revision: &#039;4ecaf82108b2a6cc6f006aae81961236eba93358&#039;, time: &#039;2013-05-22 12:00:17&#039;
System info: os.name: &#039;Windows 7&#039;, os.arch: &#039;x86&#039;, os.version: &#039;6.1&#039;, java.version: &#039;1.7.0_13&#039;
Driver info: driver.version: SeleniumWebDriver">
      <![CDATA[org.openqa.selenium.remote.SessionNotFoundException: Session ID is null
Build info: version: '2.33.0', revision: '4ecaf82108b2a6cc6f006aae81961236eba93358', time: '2013-05-22 12:00:17'
System info: os.name: 'Windows 7', os.arch: 'x86', os.version: '6.1', java.version: '1.7.0_13'
Driver info: driver.version: SeleniumWebDriver
	at org.openqa.selenium.remote.HttpCommandExecutor.execute(HttpCommandExecutor.java:273)
	at org.openqa.selenium.firefox.internal.NewProfileExtensionConnection.execute(NewProfileExtensionConnection.java:133)
	at org.openqa.selenium.firefox.FirefoxDriver$LazyCommandExecutor.execute(FirefoxDriver.java:355)
	at org.openqa.selenium.remote.RemoteWebDriver.execute(RemoteWebDriver.java:527)
	at org.openqa.selenium.remote.RemoteWebDriver.execute(RemoteWebDriver.java:569)
	at org.openqa.selenium.firefox.FirefoxDriver.getScreenshotAs(FirefoxDriver.java:316)
	at com.projectname.testutils.genericutility.ExceptionHandler.takeScreenshot(ExceptionHandler.java:56)
	at com.projectname.testutils.genericutility.ExceptionHandler.<init>(ExceptionHandler.java:50)
	at com.projectname.testutils.seleniumutils.SeleniumWebDriver.isElementPresent(SeleniumWebDriver.java:83)
	at com.projectname.testutils.pages.LoginPage.<init>(LoginPage.java:25)
	at com.projectname.test.functional.modulename1.LoginTest.loginTest(LoginTest.java:40)
	at sun.reflect.NativeMethodAccessorImpl.invoke0(Native Method)
	at sun.reflect.NativeMethodAccessorImpl.invoke(Unknown Source)
	at sun.reflect.DelegatingMethodAccessorImpl.invoke(Unknown Source)
	at java.lang.reflect.Method.invoke(Unknown Source)
	at org.testng.internal.MethodInvocationHelper.invokeMethod(MethodInvocationHelper.java:84)
	at org.testng.internal.Invoker.invokeMethod(Invoker.java:714)
	at org.testng.internal.Invoker.invokeTestMethod(Invoker.java:901)
	at org.testng.internal.Invoker.invokeTestMethods(Invoker.java:1231)
	at org.testng.internal.TestMethodWorker.invokeTestMethods(TestMethodWorker.java:127)
	at org.testng.internal.TestMethodWorker.run(TestMethodWorker.java:111)
	at java.util.concurrent.ThreadPoolExecutor.runWorker(Unknown Source)
	at java.util.concurrent.ThreadPoolExecutor$Worker.run(Unknown Source)
	at java.lang.Thread.run(Unknown Source)
]]>
    </failure>
  </testcase> <!-- loginTest -->
</testsuite> <!-- com.projectname.test.functional.modulename1.LoginTest -->
